2025-05-09 01:06:08 - /Controlador/batalla_api.php?action=desafiaments_pendents - desafiaments_pendents
2025-05-09 01:06:08 - ERROR FATAL: Uncaught Error: Failed opening required '../Model/EquipModel.php' (include_path='.:/usr/share/php') in /hosting/www/danitorres.cat/public/Controlador/batalla_api.php:43
Stack trace:
#0 {main}
  thrown en /hosting/www/danitorres.cat/public/Controlador/batalla_api.php línea 43
2025-05-09 01:06:23 - /Controlador/batalla_api.php?action=desafiaments_pendents - desafiaments_pendents
2025-05-09 01:06:23 - Usuario ID: 9
2025-05-09 01:06:38 - /Controlador/batalla_api.php?action=desafiaments_pendents - desafiaments_pendents
2025-05-09 01:06:38 - Usuario ID: 9
2025-05-09 01:06:53 - /Controlador/batalla_api.php?action=desafiaments_pendents - desafiaments_pendents
2025-05-09 01:06:53 - Usuario ID: 9
2025-05-09 01:07:08 - /Controlador/batalla_api.php?action=desafiaments_pendents - desafiaments_pendents
2025-05-09 01:07:08 - Usuario ID: 9
2025-05-09 01:07:57 - /Controlador/batalla_api.php?action=desafiaments_pendents - desafiaments_pendents
2025-05-09 01:07:57 - Usuario ID: 9
2025-05-09 01:08:03 - /Controlador/batalla_api.php?action=desafiaments_pendents - desafiaments_pendents
2025-05-09 01:08:04 - Usuario ID: 9
2025-05-09 01:08:09 - /Controlador/batalla_api.php - crear_desafiament
2025-05-09 01:08:09 - Usuario ID: 9
2025-05-09 01:08:19 - /Controlador/batalla_api.php?action=desafiaments_pendents - desafiaments_pendents
2025-05-09 01:08:19 - Usuario ID: 9
2025-05-09 01:08:34 - /Controlador/batalla_api.php?action=desafiaments_pendents - desafiaments_pendents
2025-05-09 01:08:34 - Usuario ID: 9
2025-05-09 01:08:49 - /Controlador/batalla_api.php?action=desafiaments_pendents - desafiaments_pendents
2025-05-09 01:08:49 - Usuario ID: 9
2025-05-09 01:08:53 - /Controlador/batalla_api.php - crear_desafiament
2025-05-09 01:08:53 - Usuario ID: 9
2025-05-09 01:16:29 - /Controlador/batalla_api.php?action=desafiaments_pendents - desafiaments_pendents
2025-05-09 01:16:29 - Usuario ID: 9
2025-05-09 01:16:39 - /Controlador/batalla_api.php - crear_desafiament
2025-05-09 01:16:39 - Usuario ID: 9
2025-05-09 01:17:13 - /Controlador/batalla_api.php?action=desafiaments_pendents - desafiaments_pendents
2025-05-09 01:17:13 - Usuario ID: 10
2025-05-09 01:17:23 - /Controlador/batalla_api.php - acceptar_desafiament
2025-05-09 01:17:23 - Usuario ID: 10
2025-05-09 01:17:26 - /Controlador/batalla_api.php?action=desafiaments_pendents - desafiaments_pendents
2025-05-09 01:17:26 - Usuario ID: 10
2025-05-09 01:17:59 - /Controlador/batalla_api.php?action=desafiaments_pendents - desafiaments_pendents
2025-05-09 01:18:00 - Usuario ID: 10
2025-05-09 01:18:11 - /Controlador/batalla_api.php?action=desafiaments_pendents - desafiaments_pendents
2025-05-09 01:18:11 - Usuario ID: 9
2025-05-09 01:18:14 - /Controlador/batalla_api.php?action=desafiaments_pendents - desafiaments_pendents
2025-05-09 01:18:14 - Usuario ID: 10
2025-05-09 01:18:31 - /Controlador/batalla_api.php?action=desafiaments_pendents - desafiaments_pendents
2025-05-09 01:18:31 - Usuario ID: 9
2025-05-09 01:18:35 - /Controlador/batalla_api.php?action=desafiaments_pendents - desafiaments_pendents
2025-05-09 01:18:35 - Usuario ID: 9
2025-05-09 01:18:46 - /Controlador/batalla_api.php?action=desafiaments_pendents - desafiaments_pendents
2025-05-09 01:18:46 - Usuario ID: 9
2025-05-09 01:19:14 - /Controlador/batalla_api.php?action=desafiaments_pendents - desafiaments_pendents
2025-05-09 01:19:14 - Usuario ID: 10
2025-05-09 01:19:58 - /Controlador/batalla_api.php?action=desafiaments_pendents - desafiaments_pendents
2025-05-09 01:19:58 - Usuario ID: 9
2025-05-09 01:20:04 - /Controlador/batalla_api.php - crear_desafiament
2025-05-09 01:20:04 - Usuario ID: 9
2025-05-09 01:20:09 - /Controlador/batalla_api.php?action=desafiaments_pendents - desafiaments_pendents
2025-05-09 01:20:09 - Usuario ID: 9
2025-05-09 01:20:15 - /Controlador/batalla_api.php?action=desafiaments_pendents - desafiaments_pendents
2025-05-09 01:20:15 - Usuario ID: 10
2025-05-09 01:20:25 - /Controlador/batalla_api.php?action=desafiaments_pendents - desafiaments_pendents
2025-05-09 01:20:25 - Usuario ID: 9
2025-05-09 01:20:40 - /Controlador/batalla_api.php?action=desafiaments_pendents - desafiaments_pendents
2025-05-09 01:20:40 - Usuario ID: 9
2025-05-09 01:20:55 - /Controlador/batalla_api.php?action=desafiaments_pendents - desafiaments_pendents
2025-05-09 01:20:55 - Usuario ID: 9
2025-05-09 01:21:15 - /Controlador/batalla_api.php?action=desafiaments_pendents - desafiaments_pendents
2025-05-09 01:21:15 - Usuario ID: 10
2025-05-09 01:21:27 - /Controlador/batalla_api.php?action=desafiaments_pendents - desafiaments_pendents
2025-05-09 01:21:27 - Usuario ID: 9
2025-05-09 01:21:27 - /Controlador/batalla_api.php?action=desafiaments_pendents - desafiaments_pendents
2025-05-09 01:21:27 - Usuario ID: 9
2025-05-09 01:21:40 - /Controlador/batalla_api.php?action=desafiaments_pendents - desafiaments_pendents
2025-05-09 01:21:40 - Usuario ID: 9
2025-05-09 01:21:56 - /Controlador/batalla_api.php?action=desafiaments_pendents - desafiaments_pendents
2025-05-09 01:21:56 - Usuario ID: 9
2025-05-09 01:22:16 - /Controlador/batalla_api.php?action=desafiaments_pendents - desafiaments_pendents
2025-05-09 01:22:16 - Usuario ID: 10
2025-05-09 01:22:56 - /Controlador/batalla_api.php?action=desafiaments_pendents - desafiaments_pendents
2025-05-09 01:22:56 - Usuario ID: 9
2025-05-09 01:23:16 - /Controlador/batalla_api.php?action=desafiaments_pendents - desafiaments_pendents
2025-05-09 01:23:16 - Usuario ID: 10
2025-05-09 01:23:56 - /Controlador/batalla_api.php?action=desafiaments_pendents - desafiaments_pendents
2025-05-09 01:23:56 - Usuario ID: 9
2025-05-09 01:24:17 - /Controlador/batalla_api.php?action=desafiaments_pendents - desafiaments_pendents
2025-05-09 01:24:17 - Usuario ID: 10
2025-05-09 01:24:56 - /Controlador/batalla_api.php?action=desafiaments_pendents - desafiaments_pendents
2025-05-09 01:24:56 - Usuario ID: 9
2025-05-09 01:25:18 - /Controlador/batalla_api.php?action=desafiaments_pendents - desafiaments_pendents
2025-05-09 01:25:18 - Usuario ID: 10
2025-05-09 01:25:56 - /Controlador/batalla_api.php?action=desafiaments_pendents - desafiaments_pendents
2025-05-09 01:25:56 - Usuario ID: 9
2025-05-09 01:26:19 - /Controlador/batalla_api.php?action=desafiaments_pendents - desafiaments_pendents
2025-05-09 01:26:19 - Usuario ID: 10
2025-05-09 01:26:56 - /Controlador/batalla_api.php?action=desafiaments_pendents - desafiaments_pendents
2025-05-09 01:26:56 - Usuario ID: 9
2025-05-09 01:27:19 - /Controlador/batalla_api.php?action=desafiaments_pendents - desafiaments_pendents
2025-05-09 01:27:19 - Usuario ID: 10
2025-05-09 01:27:56 - /Controlador/batalla_api.php?action=desafiaments_pendents - desafiaments_pendents
2025-05-09 01:27:56 - Usuario ID: 9
2025-05-09 01:28:19 - /Controlador/batalla_api.php?action=desafiaments_pendents - desafiaments_pendents
2025-05-09 01:28:19 - Usuario ID: 10
2025-05-09 01:29:20 - /Controlador/batalla_api.php?action=desafiaments_pendents - desafiaments_pendents
2025-05-09 01:29:20 - Usuario ID: 10
2025-05-09 01:29:56 - /Controlador/batalla_api.php?action=desafiaments_pendents - desafiaments_pendents
2025-05-09 01:29:56 - Usuario ID: 9
2025-05-09 01:30:21 - /Controlador/batalla_api.php?action=desafiaments_pendents - desafiaments_pendents
2025-05-09 01:30:21 - Usuario ID: 10
2025-05-09 01:30:56 - /Controlador/batalla_api.php?action=desafiaments_pendents - desafiaments_pendents
2025-05-09 01:30:56 - Usuario ID: 9
2025-05-09 01:31:21 - /Controlador/batalla_api.php?action=desafiaments_pendents - desafiaments_pendents
2025-05-09 01:31:21 - Usuario ID: 10
2025-05-09 01:31:56 - /Controlador/batalla_api.php?action=desafiaments_pendents - desafiaments_pendents
2025-05-09 01:31:56 - Usuario ID: 9
2025-05-09 01:32:21 - /Controlador/batalla_api.php?action=desafiaments_pendents - desafiaments_pendents
2025-05-09 01:32:21 - Usuario ID: 10
2025-05-09 01:32:56 - /Controlador/batalla_api.php?action=desafiaments_pendents - desafiaments_pendents
2025-05-09 01:32:56 - Usuario ID: 9
2025-05-09 01:33:21 - /Controlador/batalla_api.php?action=desafiaments_pendents - desafiaments_pendents
2025-05-09 01:33:21 - Usuario ID: 10
2025-05-09 01:33:56 - /Controlador/batalla_api.php?action=desafiaments_pendents - desafiaments_pendents
2025-05-09 01:33:56 - Usuario ID: 9
2025-05-09 01:34:22 - /Controlador/batalla_api.php?action=desafiaments_pendents - desafiaments_pendents
2025-05-09 01:34:22 - Usuario ID: 10
2025-05-09 01:34:56 - /Controlador/batalla_api.php?action=desafiaments_pendents - desafiaments_pendents
2025-05-09 01:34:56 - Usuario ID: 9
2025-05-09 01:35:22 - /Controlador/batalla_api.php?action=desafiaments_pendents - desafiaments_pendents
2025-05-09 01:35:22 - Usuario ID: 10
2025-05-09 01:35:56 - /Controlador/batalla_api.php?action=desafiaments_pendents - desafiaments_pendents
2025-05-09 01:35:56 - Usuario ID: 9
2025-05-09 01:36:22 - /Controlador/batalla_api.php?action=desafiaments_pendents - desafiaments_pendents
2025-05-09 01:36:22 - Usuario ID: 10
2025-05-09 01:36:56 - /Controlador/batalla_api.php?action=desafiaments_pendents - desafiaments_pendents
2025-05-09 01:36:56 - Usuario ID: 9
2025-05-09 01:37:23 - /Controlador/batalla_api.php?action=desafiaments_pendents - desafiaments_pendents
2025-05-09 01:37:23 - Usuario ID: 10
2025-05-09 01:37:36 - /Controlador/batalla_api.php?action=desafiaments_pendents - desafiaments_pendents
2025-05-09 01:37:36 - Usuario ID: 9
2025-05-09 01:37:40 - /Controlador/batalla_api.php?action=desafiaments_pendents - desafiaments_pendents
2025-05-09 01:37:40 - Usuario ID: 9
2025-05-09 01:37:55 - /Controlador/batalla_api.php?action=desafiaments_pendents - desafiaments_pendents
2025-05-09 01:37:55 - Usuario ID: 9
2025-05-09 01:38:15 - /Controlador/batalla_api.php?action=desafiaments_pendents - desafiaments_pendents
2025-05-09 01:38:15 - Usuario ID: 9
2025-05-09 01:38:23 - /Controlador/batalla_api.php?action=desafiaments_pendents - desafiaments_pendents
2025-05-09 01:38:23 - Usuario ID: 10
2025-05-09 01:38:56 - /Controlador/batalla_api.php?action=desafiaments_pendents - desafiaments_pendents
2025-05-09 01:38:56 - Usuario ID: 9
2025-05-09 01:39:23 - /Controlador/batalla_api.php?action=desafiaments_pendents - desafiaments_pendents
2025-05-09 01:39:23 - Usuario ID: 10
2025-05-09 01:39:56 - /Controlador/batalla_api.php?action=desafiaments_pendents - desafiaments_pendents
2025-05-09 01:39:56 - Usuario ID: 9
2025-05-09 01:40:24 - /Controlador/batalla_api.php?action=desafiaments_pendents - desafiaments_pendents
2025-05-09 01:40:24 - Usuario ID: 10
2025-05-09 01:40:56 - /Controlador/batalla_api.php?action=desafiaments_pendents - desafiaments_pendents
2025-05-09 01:40:56 - Usuario ID: 9
2025-05-09 01:41:25 - /Controlador/batalla_api.php?action=desafiaments_pendents - desafiaments_pendents
2025-05-09 01:41:25 - Usuario ID: 10
2025-05-09 01:41:56 - /Controlador/batalla_api.php?action=desafiaments_pendents - desafiaments_pendents
2025-05-09 01:41:56 - Usuario ID: 9
2025-05-09 01:42:25 - /Controlador/batalla_api.php?action=desafiaments_pendents - desafiaments_pendents
2025-05-09 01:42:26 - Usuario ID: 10
2025-05-09 01:42:56 - /Controlador/batalla_api.php?action=desafiaments_pendents - desafiaments_pendents
2025-05-09 01:42:56 - Usuario ID: 9
2025-05-09 01:43:26 - /Controlador/batalla_api.php?action=desafiaments_pendents - desafiaments_pendents
2025-05-09 01:43:26 - Usuario ID: 10
2025-05-09 01:43:56 - /Controlador/batalla_api.php?action=desafiaments_pendents - desafiaments_pendents
2025-05-09 01:43:56 - Usuario ID: 9
2025-05-09 01:44:26 - /Controlador/batalla_api.php?action=desafiaments_pendents - desafiaments_pendents
2025-05-09 01:44:26 - Usuario ID: 10
2025-05-09 01:44:56 - /Controlador/batalla_api.php?action=desafiaments_pendents - desafiaments_pendents
2025-05-09 01:44:56 - Usuario ID: 9
2025-05-09 01:45:26 - /Controlador/batalla_api.php?action=desafiaments_pendents - desafiaments_pendents
2025-05-09 01:45:27 - Usuario ID: 10
2025-05-09 01:45:56 - /Controlador/batalla_api.php?action=desafiaments_pendents - desafiaments_pendents
2025-05-09 01:45:56 - Usuario ID: 9
2025-05-09 01:46:27 - /Controlador/batalla_api.php?action=desafiaments_pendents - desafiaments_pendents
2025-05-09 01:46:27 - Usuario ID: 10
2025-05-09 01:46:56 - /Controlador/batalla_api.php?action=desafiaments_pendents - desafiaments_pendents
2025-05-09 01:46:56 - Usuario ID: 9
2025-05-09 01:47:28 - /Controlador/batalla_api.php?action=desafiaments_pendents - desafiaments_pendents
2025-05-09 01:47:28 - Usuario ID: 10
2025-05-09 01:47:56 - /Controlador/batalla_api.php?action=desafiaments_pendents - desafiaments_pendents
2025-05-09 01:47:56 - Usuario ID: 9
2025-05-09 01:48:29 - /Controlador/batalla_api.php?action=desafiaments_pendents - desafiaments_pendents
2025-05-09 01:48:29 - Usuario ID: 10
2025-05-09 01:48:56 - /Controlador/batalla_api.php?action=desafiaments_pendents - desafiaments_pendents
2025-05-09 01:48:56 - Usuario ID: 9
2025-05-09 01:49:29 - /Controlador/batalla_api.php?action=desafiaments_pendents - desafiaments_pendents
2025-05-09 01:49:29 - Usuario ID: 10
2025-05-09 01:49:56 - /Controlador/batalla_api.php?action=desafiaments_pendents - desafiaments_pendents
2025-05-09 01:49:56 - Usuario ID: 9
2025-05-09 01:50:30 - /Controlador/batalla_api.php?action=desafiaments_pendents - desafiaments_pendents
2025-05-09 01:50:30 - Usuario ID: 10
2025-05-09 01:50:56 - /Controlador/batalla_api.php?action=desafiaments_pendents - desafiaments_pendents
2025-05-09 01:50:56 - Usuario ID: 9
2025-05-09 01:51:31 - /Controlador/batalla_api.php?action=desafiaments_pendents - desafiaments_pendents
2025-05-09 01:51:31 - Usuario ID: 10
2025-05-09 01:51:56 - /Controlador/batalla_api.php?action=desafiaments_pendents - desafiaments_pendents
2025-05-09 01:51:56 - Usuario ID: 9
2025-05-09 01:52:31 - /Controlador/batalla_api.php?action=desafiaments_pendents - desafiaments_pendents
2025-05-09 01:52:31 - Usuario ID: 10
2025-05-09 01:53:32 - /Controlador/batalla_api.php?action=desafiaments_pendents - desafiaments_pendents
2025-05-09 01:53:32 - Usuario ID: 10
2025-05-09 01:54:33 - /Controlador/batalla_api.php?action=desafiaments_pendents - desafiaments_pendents
2025-05-09 01:54:33 - Usuario ID: 10
2025-05-09 09:02:58 - /Controlador/batalla_api.php?action=desafiaments_pendents - desafiaments_pendents
2025-05-09 09:02:59 - ERROR: No autenticat
2025-05-09 09:03:52 - /Controlador/batalla_api.php?action=desafiaments_pendents - desafiaments_pendents
2025-05-09 09:03:52 - ERROR: No autenticat
2025-05-09 09:04:52 - /Controlador/batalla_api.php?action=desafiaments_pendents - desafiaments_pendents
2025-05-09 09:04:52 - ERROR: No autenticat
2025-05-09 09:05:52 - /Controlador/batalla_api.php?action=desafiaments_pendents - desafiaments_pendents
2025-05-09 09:05:52 - ERROR: No autenticat
2025-05-09 09:06:52 - /Controlador/batalla_api.php?action=desafiaments_pendents - desafiaments_pendents
2025-05-09 09:06:52 - ERROR: No autenticat
2025-05-09 09:07:52 - /Controlador/batalla_api.php?action=desafiaments_pendents - desafiaments_pendents
2025-05-09 09:07:52 - ERROR: No autenticat
2025-05-09 09:08:52 - /Controlador/batalla_api.php?action=desafiaments_pendents - desafiaments_pendents
2025-05-09 09:08:52 - ERROR: No autenticat
2025-05-09 09:09:52 - /Controlador/batalla_api.php?action=desafiaments_pendents - desafiaments_pendents
2025-05-09 09:09:52 - ERROR: No autenticat
2025-05-09 09:10:52 - /Controlador/batalla_api.php?action=desafiaments_pendents - desafiaments_pendents
2025-05-09 09:10:52 - ERROR: No autenticat
2025-05-09 09:11:52 - /Controlador/batalla_api.php?action=desafiaments_pendents - desafiaments_pendents
2025-05-09 09:11:52 - ERROR: No autenticat
2025-05-09 09:12:52 - /Controlador/batalla_api.php?action=desafiaments_pendents - desafiaments_pendents
2025-05-09 09:12:53 - ERROR: No autenticat
2025-05-09 09:13:52 - /Controlador/batalla_api.php?action=desafiaments_pendents - desafiaments_pendents
2025-05-09 09:13:52 - ERROR: No autenticat
2025-05-09 09:14:52 - /Controlador/batalla_api.php?action=desafiaments_pendents - desafiaments_pendents
2025-05-09 09:14:52 - ERROR: No autenticat
2025-05-09 13:53:58 - /Controlador/batalla_api.php?action=desafiaments_pendents - desafiaments_pendents
2025-05-09 13:53:58 - Usuario ID: 10
2025-05-09 13:54:04 - /Controlador/batalla_api.php - crear_desafiament
2025-05-09 13:54:04 - Usuario ID: 10
2025-05-09 13:54:04 - /Controlador/batalla_api.php?action=obtener_actualizaciones&batalla_id=36&ultima_accion=0 - obtener_actualizaciones
2025-05-09 13:54:04 - Usuario ID: 10
2025-05-09 13:54:07 - /Controlador/batalla_api.php?action=obtener_actualizaciones&batalla_id=36&ultima_accion=0 - obtener_actualizaciones
2025-05-09 13:54:07 - Usuario ID: 10
2025-05-09 13:54:10 - /Controlador/batalla_api.php?action=obtener_actualizaciones&batalla_id=36&ultima_accion=0 - obtener_actualizaciones
2025-05-09 13:54:10 - Usuario ID: 10
2025-05-09 13:54:13 - /Controlador/batalla_api.php?action=obtener_actualizaciones&batalla_id=36&ultima_accion=0 - obtener_actualizaciones
2025-05-09 13:54:13 - Usuario ID: 10
2025-05-09 13:54:16 - /Controlador/batalla_api.php?action=obtener_actualizaciones&batalla_id=36&ultima_accion=0 - obtener_actualizaciones
2025-05-09 13:54:16 - Usuario ID: 10
2025-05-09 13:54:17 - /Controlador/batalla_api.php?action=desafiaments_pendents - desafiaments_pendents
2025-05-09 13:54:17 - Usuario ID: 9
2025-05-09 13:54:19 - /Controlador/batalla_api.php?action=obtener_actualizaciones&batalla_id=36&ultima_accion=0 - obtener_actualizaciones
2025-05-09 13:54:19 - Usuario ID: 10
2025-05-09 13:54:22 - /Controlador/batalla_api.php - acceptar_desafiament
2025-05-09 13:54:22 - Usuario ID: 9
2025-05-09 13:54:22 - /Controlador/batalla_api.php?action=obtener_actualizaciones&batalla_id=36&ultima_accion=0 - obtener_actualizaciones
2025-05-09 13:54:22 - Usuario ID: 9
2025-05-09 13:54:22 - /Controlador/batalla_api.php?action=obtener_actualizaciones&batalla_id=36&ultima_accion=0 - obtener_actualizaciones
2025-05-09 13:54:22 - Usuario ID: 10
2025-05-09 13:54:25 - /Controlador/batalla_api.php?action=obtener_actualizaciones&batalla_id=36&ultima_accion=0 - obtener_actualizaciones
2025-05-09 13:54:25 - Usuario ID: 9
2025-05-09 13:54:25 - /Controlador/batalla_api.php?action=obtener_actualizaciones&batalla_id=36&ultima_accion=0 - obtener_actualizaciones
2025-05-09 13:54:25 - Usuario ID: 10
2025-05-09 13:54:28 - /Controlador/batalla_api.php?action=obtener_actualizaciones&batalla_id=36&ultima_accion=0 - obtener_actualizaciones
2025-05-09 13:54:28 - Usuario ID: 9
2025-05-09 13:54:28 - /Controlador/batalla_api.php?action=obtener_actualizaciones&batalla_id=36&ultima_accion=0 - obtener_actualizaciones
2025-05-09 13:54:28 - Usuario ID: 10
2025-05-09 13:54:31 - /Controlador/batalla_api.php?action=obtener_actualizaciones&batalla_id=36&ultima_accion=0 - obtener_actualizaciones
2025-05-09 13:54:31 - Usuario ID: 9
2025-05-09 13:54:31 - /Controlador/batalla_api.php?action=obtener_actualizaciones&batalla_id=36&ultima_accion=0 - obtener_actualizaciones
2025-05-09 13:54:31 - Usuario ID: 10
2025-05-09 13:54:34 - /Controlador/batalla_api.php?action=obtener_actualizaciones&batalla_id=36&ultima_accion=0 - obtener_actualizaciones
2025-05-09 13:54:34 - Usuario ID: 9
2025-05-09 13:54:34 - /Controlador/batalla_api.php?action=obtener_actualizaciones&batalla_id=36&ultima_accion=0 - obtener_actualizaciones
2025-05-09 13:54:34 - Usuario ID: 10
2025-05-09 13:54:37 - /Controlador/batalla_api.php?action=obtener_actualizaciones&batalla_id=36&ultima_accion=0 - obtener_actualizaciones
2025-05-09 13:54:37 - Usuario ID: 9
2025-05-09 13:54:37 - /Controlador/batalla_api.php?action=obtener_actualizaciones&batalla_id=36&ultima_accion=0 - obtener_actualizaciones
2025-05-09 13:54:37 - Usuario ID: 10
2025-05-09 13:54:40 - /Controlador/batalla_api.php?action=obtener_actualizaciones&batalla_id=36&ultima_accion=0 - obtener_actualizaciones
2025-05-09 13:54:40 - Usuario ID: 9
2025-05-09 13:54:40 - /Controlador/batalla_api.php?action=obtener_actualizaciones&batalla_id=36&ultima_accion=0 - obtener_actualizaciones
2025-05-09 13:54:40 - Usuario ID: 10
2025-05-09 13:54:42 - /Controlador/batalla_api.php?action=obtener_actualizaciones&batalla_id=36&ultima_accion=0 - obtener_actualizaciones
2025-05-09 13:54:42 - Usuario ID: 10
2025-05-09 13:54:43 - /Controlador/batalla_api.php?action=obtener_actualizaciones&batalla_id=36&ultima_accion=0 - obtener_actualizaciones
2025-05-09 13:54:43 - Usuario ID: 9
2025-05-09 13:54:45 - /Controlador/batalla_api.php?action=obtener_actualizaciones&batalla_id=36&ultima_accion=0 - obtener_actualizaciones
2025-05-09 13:54:45 - Usuario ID: 10
2025-05-09 13:54:46 - /Controlador/batalla_api.php?action=obtener_actualizaciones&batalla_id=36&ultima_accion=0 - obtener_actualizaciones
2025-05-09 13:54:46 - Usuario ID: 9
2025-05-09 13:54:48 - /Controlador/batalla_api.php?action=obtener_actualizaciones&batalla_id=36&ultima_accion=0 - obtener_actualizaciones
2025-05-09 13:54:48 - Usuario ID: 10
2025-05-09 13:54:49 - /Controlador/batalla_api.php?action=obtener_actualizaciones&batalla_id=36&ultima_accion=0 - obtener_actualizaciones
2025-05-09 13:54:49 - Usuario ID: 9
2025-05-09 13:54:51 - /Controlador/batalla_api.php?action=obtener_actualizaciones&batalla_id=36&ultima_accion=0 - obtener_actualizaciones
2025-05-09 13:54:51 - Usuario ID: 10
2025-05-09 13:54:52 - /Controlador/batalla_api.php?action=obtener_actualizaciones&batalla_id=36&ultima_accion=0 - obtener_actualizaciones
2025-05-09 13:54:52 - Usuario ID: 9
2025-05-09 13:54:54 - /Controlador/batalla_api.php?action=obtener_actualizaciones&batalla_id=36&ultima_accion=0 - obtener_actualizaciones
2025-05-09 13:54:54 - Usuario ID: 10
2025-05-09 13:54:57 - /Controlador/batalla_api.php?action=obtener_actualizaciones&batalla_id=36&ultima_accion=0 - obtener_actualizaciones
2025-05-09 13:54:57 - Usuario ID: 10
2025-05-09 13:55:00 - /Controlador/batalla_api.php?action=obtener_actualizaciones&batalla_id=36&ultima_accion=0 - obtener_actualizaciones
2025-05-09 13:55:00 - Usuario ID: 10
2025-05-09 13:55:03 - /Controlador/batalla_api.php?action=obtener_actualizaciones&batalla_id=36&ultima_accion=0 - obtener_actualizaciones
2025-05-09 13:55:03 - Usuario ID: 10
2025-05-09 13:55:06 - /Controlador/batalla_api.php?action=obtener_actualizaciones&batalla_id=36&ultima_accion=0 - obtener_actualizaciones
2025-05-09 13:55:06 - Usuario ID: 10
2025-05-09 13:55:09 - /Controlador/batalla_api.php?action=obtener_actualizaciones&batalla_id=36&ultima_accion=0 - obtener_actualizaciones
2025-05-09 13:55:09 - Usuario ID: 10
2025-05-09 13:55:12 - /Controlador/batalla_api.php?action=obtener_actualizaciones&batalla_id=36&ultima_accion=0 - obtener_actualizaciones
2025-05-09 13:55:12 - Usuario ID: 10
2025-05-09 13:55:15 - /Controlador/batalla_api.php?action=obtener_actualizaciones&batalla_id=36&ultima_accion=0 - obtener_actualizaciones
2025-05-09 13:55:15 - Usuario ID: 10
2025-05-09 13:55:18 - /Controlador/batalla_api.php?action=obtener_actualizaciones&batalla_id=36&ultima_accion=0 - obtener_actualizaciones
2025-05-09 13:55:18 - Usuario ID: 10
2025-05-09 13:55:21 - /Controlador/batalla_api.php?action=obtener_actualizaciones&batalla_id=36&ultima_accion=0 - obtener_actualizaciones
2025-05-09 13:55:21 - Usuario ID: 10
2025-05-09 13:55:24 - /Controlador/batalla_api.php?action=obtener_actualizaciones&batalla_id=36&ultima_accion=0 - obtener_actualizaciones
2025-05-09 13:55:24 - Usuario ID: 10
2025-05-09 13:55:25 - /Controlador/batalla_api.php?action=obtener_actualizaciones&batalla_id=36&ultima_accion=0 - obtener_actualizaciones
2025-05-09 13:55:25 - Usuario ID: 9
2025-05-09 13:55:27 - /Controlador/batalla_api.php?action=obtener_actualizaciones&batalla_id=36&ultima_accion=0 - obtener_actualizaciones
2025-05-09 13:55:27 - Usuario ID: 10
2025-05-09 13:55:30 - /Controlador/batalla_api.php?action=obtener_actualizaciones&batalla_id=36&ultima_accion=0 - obtener_actualizaciones
2025-05-09 13:55:30 - Usuario ID: 10
2025-05-09 13:55:33 - /Controlador/batalla_api.php?action=obtener_actualizaciones&batalla_id=36&ultima_accion=0 - obtener_actualizaciones
2025-05-09 13:55:33 - Usuario ID: 10
2025-05-09 13:55:36 - /Controlador/batalla_api.php?action=obtener_actualizaciones&batalla_id=36&ultima_accion=0 - obtener_actualizaciones
2025-05-09 13:55:36 - Usuario ID: 10
2025-05-09 13:55:39 - /Controlador/batalla_api.php?action=obtener_actualizaciones&batalla_id=36&ultima_accion=0 - obtener_actualizaciones
2025-05-09 13:55:39 - Usuario ID: 10
2025-05-09 13:55:42 - /Controlador/batalla_api.php?action=obtener_actualizaciones&batalla_id=36&ultima_accion=0 - obtener_actualizaciones
2025-05-09 13:55:42 - Usuario ID: 10
2025-05-09 13:55:45 - /Controlador/batalla_api.php?action=obtener_actualizaciones&batalla_id=36&ultima_accion=0 - obtener_actualizaciones
2025-05-09 13:55:45 - Usuario ID: 10
2025-05-09 13:55:48 - /Controlador/batalla_api.php?action=obtener_actualizaciones&batalla_id=36&ultima_accion=0 - obtener_actualizaciones
2025-05-09 13:55:48 - Usuario ID: 10
2025-05-09 13:55:51 - /Controlador/batalla_api.php?action=obtener_actualizaciones&batalla_id=36&ultima_accion=0 - obtener_actualizaciones
2025-05-09 13:55:51 - Usuario ID: 10
2025-05-09 13:55:54 - /Controlador/batalla_api.php?action=obtener_actualizaciones&batalla_id=36&ultima_accion=0 - obtener_actualizaciones
2025-05-09 13:55:54 - Usuario ID: 10
2025-05-09 13:55:57 - /Controlador/batalla_api.php?action=obtener_actualizaciones&batalla_id=36&ultima_accion=0 - obtener_actualizaciones
2025-05-09 13:55:57 - Usuario ID: 10
2025-05-09 13:56:00 - /Controlador/batalla_api.php?action=obtener_actualizaciones&batalla_id=36&ultima_accion=0 - obtener_actualizaciones
2025-05-09 13:56:00 - Usuario ID: 10
2025-05-09 13:56:03 - /Controlador/batalla_api.php?action=obtener_actualizaciones&batalla_id=36&ultima_accion=0 - obtener_actualizaciones
2025-05-09 13:56:03 - Usuario ID: 10
2025-05-09 13:56:06 - /Controlador/batalla_api.php?action=obtener_actualizaciones&batalla_id=36&ultima_accion=0 - obtener_actualizaciones
2025-05-09 13:56:06 - Usuario ID: 10
2025-05-09 13:56:09 - /Controlador/batalla_api.php?action=obtener_actualizaciones&batalla_id=36&ultima_accion=0 - obtener_actualizaciones
2025-05-09 13:56:09 - Usuario ID: 10
2025-05-09 13:56:12 - /Controlador/batalla_api.php?action=obtener_actualizaciones&batalla_id=36&ultima_accion=0 - obtener_actualizaciones
2025-05-09 13:56:12 - Usuario ID: 10
2025-05-09 13:56:15 - /Controlador/batalla_api.php?action=obtener_actualizaciones&batalla_id=36&ultima_accion=0 - obtener_actualizaciones
2025-05-09 13:56:15 - Usuario ID: 10
2025-05-09 13:56:18 - /Controlador/batalla_api.php?action=obtener_actualizaciones&batalla_id=36&ultima_accion=0 - obtener_actualizaciones
2025-05-09 13:56:18 - Usuario ID: 10
2025-05-09 13:56:21 - /Controlador/batalla_api.php?action=obtener_actualizaciones&batalla_id=36&ultima_accion=0 - obtener_actualizaciones
2025-05-09 13:56:21 - Usuario ID: 10
2025-05-09 13:56:24 - /Controlador/batalla_api.php?action=obtener_actualizaciones&batalla_id=36&ultima_accion=0 - obtener_actualizaciones
2025-05-09 13:56:24 - Usuario ID: 10
2025-05-09 13:56:27 - /Controlador/batalla_api.php?action=obtener_actualizaciones&batalla_id=36&ultima_accion=0 - obtener_actualizaciones
2025-05-09 13:56:27 - Usuario ID: 10
2025-05-09 13:56:30 - /Controlador/batalla_api.php?action=obtener_actualizaciones&batalla_id=36&ultima_accion=0 - obtener_actualizaciones
2025-05-09 13:56:30 - Usuario ID: 10
2025-05-09 13:56:33 - /Controlador/batalla_api.php?action=obtener_actualizaciones&batalla_id=36&ultima_accion=0 - obtener_actualizaciones
2025-05-09 13:56:33 - Usuario ID: 10
2025-05-09 13:56:36 - /Controlador/batalla_api.php?action=obtener_actualizaciones&batalla_id=36&ultima_accion=0 - obtener_actualizaciones
2025-05-09 13:56:36 - Usuario ID: 10
2025-05-09 13:56:39 - /Controlador/batalla_api.php?action=obtener_actualizaciones&batalla_id=36&ultima_accion=0 - obtener_actualizaciones
2025-05-09 13:56:39 - Usuario ID: 10
2025-05-09 13:56:42 - /Controlador/batalla_api.php?action=obtener_actualizaciones&batalla_id=36&ultima_accion=0 - obtener_actualizaciones
2025-05-09 13:56:42 - Usuario ID: 10
2025-05-09 13:56:45 - /Controlador/batalla_api.php?action=obtener_actualizaciones&batalla_id=36&ultima_accion=0 - obtener_actualizaciones
2025-05-09 13:56:45 - Usuario ID: 10
2025-05-09 13:56:48 - /Controlador/batalla_api.php?action=obtener_actualizaciones&batalla_id=36&ultima_accion=0 - obtener_actualizaciones
2025-05-09 13:56:48 - Usuario ID: 10
2025-05-09 13:56:51 - /Controlador/batalla_api.php?action=obtener_actualizaciones&batalla_id=36&ultima_accion=0 - obtener_actualizaciones
2025-05-09 13:56:51 - Usuario ID: 10
2025-05-09 13:56:54 - /Controlador/batalla_api.php?action=obtener_actualizaciones&batalla_id=36&ultima_accion=0 - obtener_actualizaciones
2025-05-09 13:56:54 - Usuario ID: 10
2025-05-09 13:56:57 - /Controlador/batalla_api.php?action=obtener_actualizaciones&batalla_id=36&ultima_accion=0 - obtener_actualizaciones
2025-05-09 13:56:57 - Usuario ID: 10
2025-05-09 13:57:00 - /Controlador/batalla_api.php?action=obtener_actualizaciones&batalla_id=36&ultima_accion=0 - obtener_actualizaciones
2025-05-09 13:57:00 - Usuario ID: 10
2025-05-09 13:57:03 - /Controlador/batalla_api.php?action=obtener_actualizaciones&batalla_id=36&ultima_accion=0 - obtener_actualizaciones
2025-05-09 13:57:03 - Usuario ID: 10
2025-05-09 13:57:06 - /Controlador/batalla_api.php?action=obtener_actualizaciones&batalla_id=36&ultima_accion=0 - obtener_actualizaciones
2025-05-09 13:57:06 - Usuario ID: 10
2025-05-09 13:57:09 - /Controlador/batalla_api.php?action=obtener_actualizaciones&batalla_id=36&ultima_accion=0 - obtener_actualizaciones
2025-05-09 13:57:09 - Usuario ID: 10
2025-05-09 13:57:12 - /Controlador/batalla_api.php?action=obtener_actualizaciones&batalla_id=36&ultima_accion=0 - obtener_actualizaciones
2025-05-09 13:57:12 - Usuario ID: 10
2025-05-09 13:57:15 - /Controlador/batalla_api.php?action=obtener_actualizaciones&batalla_id=36&ultima_accion=0 - obtener_actualizaciones
2025-05-09 13:57:15 - Usuario ID: 10
2025-05-09 13:57:18 - /Controlador/batalla_api.php?action=obtener_actualizaciones&batalla_id=36&ultima_accion=0 - obtener_actualizaciones
2025-05-09 13:57:18 - Usuario ID: 10
2025-05-09 13:57:21 - /Controlador/batalla_api.php?action=obtener_actualizaciones&batalla_id=36&ultima_accion=0 - obtener_actualizaciones
2025-05-09 13:57:21 - Usuario ID: 10
2025-05-09 13:57:24 - /Controlador/batalla_api.php?action=obtener_actualizaciones&batalla_id=36&ultima_accion=0 - obtener_actualizaciones
2025-05-09 13:57:24 - Usuario ID: 10
2025-05-09 13:57:27 - /Controlador/batalla_api.php?action=obtener_actualizaciones&batalla_id=36&ultima_accion=0 - obtener_actualizaciones
2025-05-09 13:57:27 - Usuario ID: 10
2025-05-09 13:57:30 - /Controlador/batalla_api.php?action=obtener_actualizaciones&batalla_id=36&ultima_accion=0 - obtener_actualizaciones
2025-05-09 13:57:30 - Usuario ID: 10
2025-05-09 13:57:33 - /Controlador/batalla_api.php?action=obtener_actualizaciones&batalla_id=36&ultima_accion=0 - obtener_actualizaciones
2025-05-09 13:57:33 - Usuario ID: 10
2025-05-09 13:57:36 - /Controlador/batalla_api.php?action=obtener_actualizaciones&batalla_id=36&ultima_accion=0 - obtener_actualizaciones
2025-05-09 13:57:36 - Usuario ID: 10
2025-05-09 13:57:39 - /Controlador/batalla_api.php?action=obtener_actualizaciones&batalla_id=36&ultima_accion=0 - obtener_actualizaciones
2025-05-09 13:57:39 - Usuario ID: 10
2025-05-09 13:57:42 - /Controlador/batalla_api.php?action=obtener_actualizaciones&batalla_id=36&ultima_accion=0 - obtener_actualizaciones
2025-05-09 13:57:42 - Usuario ID: 10
2025-05-09 13:57:45 - /Controlador/batalla_api.php?action=obtener_actualizaciones&batalla_id=36&ultima_accion=0 - obtener_actualizaciones
2025-05-09 13:57:45 - Usuario ID: 10
2025-05-09 13:57:48 - /Controlador/batalla_api.php?action=obtener_actualizaciones&batalla_id=36&ultima_accion=0 - obtener_actualizaciones
2025-05-09 13:57:48 - Usuario ID: 10
2025-05-09 13:57:51 - /Controlador/batalla_api.php?action=obtener_actualizaciones&batalla_id=36&ultima_accion=0 - obtener_actualizaciones
2025-05-09 13:57:51 - Usuario ID: 10
2025-05-09 13:57:54 - /Controlador/batalla_api.php?action=obtener_actualizaciones&batalla_id=36&ultima_accion=0 - obtener_actualizaciones
2025-05-09 13:57:54 - Usuario ID: 10
2025-05-09 13:57:57 - /Controlador/batalla_api.php?action=obtener_actualizaciones&batalla_id=36&ultima_accion=0 - obtener_actualizaciones
2025-05-09 13:57:57 - Usuario ID: 10
2025-05-09 13:58:00 - /Controlador/batalla_api.php?action=obtener_actualizaciones&batalla_id=36&ultima_accion=0 - obtener_actualizaciones
2025-05-09 13:58:00 - Usuario ID: 10
2025-05-09 13:58:03 - /Controlador/batalla_api.php?action=obtener_actualizaciones&batalla_id=36&ultima_accion=0 - obtener_actualizaciones
2025-05-09 13:58:03 - Usuario ID: 10
2025-05-09 13:58:06 - /Controlador/batalla_api.php?action=obtener_actualizaciones&batalla_id=36&ultima_accion=0 - obtener_actualizaciones
2025-05-09 13:58:06 - Usuario ID: 10
2025-05-09 13:58:09 - /Controlador/batalla_api.php?action=obtener_actualizaciones&batalla_id=36&ultima_accion=0 - obtener_actualizaciones
2025-05-09 13:58:09 - Usuario ID: 10
2025-05-09 13:58:12 - /Controlador/batalla_api.php?action=obtener_actualizaciones&batalla_id=36&ultima_accion=0 - obtener_actualizaciones
2025-05-09 13:58:12 - Usuario ID: 10
2025-05-09 13:58:15 - /Controlador/batalla_api.php?action=obtener_actualizaciones&batalla_id=36&ultima_accion=0 - obtener_actualizaciones
2025-05-09 13:58:15 - Usuario ID: 10
2025-05-09 13:58:18 - /Controlador/batalla_api.php?action=obtener_actualizaciones&batalla_id=36&ultima_accion=0 - obtener_actualizaciones
2025-05-09 13:58:18 - Usuario ID: 10
2025-05-09 13:58:21 - /Controlador/batalla_api.php?action=obtener_actualizaciones&batalla_id=36&ultima_accion=0 - obtener_actualizaciones
2025-05-09 13:58:21 - Usuario ID: 10
2025-05-09 13:58:24 - /Controlador/batalla_api.php?action=obtener_actualizaciones&batalla_id=36&ultima_accion=0 - obtener_actualizaciones
2025-05-09 13:58:24 - Usuario ID: 10
2025-05-09 13:58:27 - /Controlador/batalla_api.php?action=obtener_actualizaciones&batalla_id=36&ultima_accion=0 - obtener_actualizaciones
2025-05-09 13:58:27 - Usuario ID: 10
2025-05-09 13:58:30 - /Controlador/batalla_api.php?action=obtener_actualizaciones&batalla_id=36&ultima_accion=0 - obtener_actualizaciones
2025-05-09 13:58:30 - Usuario ID: 10
2025-05-09 13:58:33 - /Controlador/batalla_api.php?action=obtener_actualizaciones&batalla_id=36&ultima_accion=0 - obtener_actualizaciones
2025-05-09 13:58:33 - Usuario ID: 10
2025-05-09 13:58:36 - /Controlador/batalla_api.php?action=obtener_actualizaciones&batalla_id=36&ultima_accion=0 - obtener_actualizaciones
2025-05-09 13:58:36 - Usuario ID: 10
2025-05-09 13:58:39 - /Controlador/batalla_api.php?action=obtener_actualizaciones&batalla_id=36&ultima_accion=0 - obtener_actualizaciones
2025-05-09 13:58:39 - Usuario ID: 10
2025-05-09 13:58:42 - /Controlador/batalla_api.php?action=obtener_actualizaciones&batalla_id=36&ultima_accion=0 - obtener_actualizaciones
2025-05-09 13:58:42 - Usuario ID: 10
2025-05-09 13:58:45 - /Controlador/batalla_api.php?action=obtener_actualizaciones&batalla_id=36&ultima_accion=0 - obtener_actualizaciones
2025-05-09 13:58:45 - Usuario ID: 10
2025-05-09 13:58:48 - /Controlador/batalla_api.php?action=obtener_actualizaciones&batalla_id=36&ultima_accion=0 - obtener_actualizaciones
2025-05-09 13:58:48 - Usuario ID: 10
2025-05-09 13:58:51 - /Controlador/batalla_api.php?action=obtener_actualizaciones&batalla_id=36&ultima_accion=0 - obtener_actualizaciones
2025-05-09 13:58:51 - Usuario ID: 10
2025-05-09 13:58:54 - /Controlador/batalla_api.php?action=obtener_actualizaciones&batalla_id=36&ultima_accion=0 - obtener_actualizaciones
2025-05-09 13:58:54 - Usuario ID: 10
2025-05-09 13:58:57 - /Controlador/batalla_api.php?action=obtener_actualizaciones&batalla_id=36&ultima_accion=0 - obtener_actualizaciones
2025-05-09 13:58:57 - Usuario ID: 10
2025-05-09 13:59:00 - /Controlador/batalla_api.php?action=obtener_actualizaciones&batalla_id=36&ultima_accion=0 - obtener_actualizaciones
2025-05-09 13:59:00 - Usuario ID: 10
2025-05-09 13:59:03 - /Controlador/batalla_api.php?action=obtener_actualizaciones&batalla_id=36&ultima_accion=0 - obtener_actualizaciones
2025-05-09 13:59:03 - Usuario ID: 10
2025-05-09 13:59:06 - /Controlador/batalla_api.php?action=obtener_actualizaciones&batalla_id=36&ultima_accion=0 - obtener_actualizaciones
2025-05-09 13:59:06 - Usuario ID: 10
2025-05-09 13:59:09 - /Controlador/batalla_api.php?action=obtener_actualizaciones&batalla_id=36&ultima_accion=0 - obtener_actualizaciones
2025-05-09 13:59:09 - Usuario ID: 10
2025-05-09 13:59:12 - /Controlador/batalla_api.php?action=obtener_actualizaciones&batalla_id=36&ultima_accion=0 - obtener_actualizaciones
2025-05-09 13:59:12 - Usuario ID: 10
2025-05-09 13:59:15 - /Controlador/batalla_api.php?action=obtener_actualizaciones&batalla_id=36&ultima_accion=0 - obtener_actualizaciones
2025-05-09 13:59:15 - Usuario ID: 10
2025-05-09 13:59:18 - /Controlador/batalla_api.php?action=obtener_actualizaciones&batalla_id=36&ultima_accion=0 - obtener_actualizaciones
2025-05-09 13:59:18 - Usuario ID: 10
2025-05-09 13:59:21 - /Controlador/batalla_api.php?action=obtener_actualizaciones&batalla_id=36&ultima_accion=0 - obtener_actualizaciones
2025-05-09 13:59:21 - Usuario ID: 10
2025-05-09 13:59:24 - /Controlador/batalla_api.php?action=obtener_actualizaciones&batalla_id=36&ultima_accion=0 - obtener_actualizaciones
2025-05-09 13:59:24 - Usuario ID: 10
2025-05-09 13:59:27 - /Controlador/batalla_api.php?action=obtener_actualizaciones&batalla_id=36&ultima_accion=0 - obtener_actualizaciones
2025-05-09 13:59:27 - Usuario ID: 10
2025-05-09 13:59:30 - /Controlador/batalla_api.php?action=obtener_actualizaciones&batalla_id=36&ultima_accion=0 - obtener_actualizaciones
2025-05-09 13:59:30 - Usuario ID: 10
2025-05-09 13:59:33 - /Controlador/batalla_api.php?action=obtener_actualizaciones&batalla_id=36&ultima_accion=0 - obtener_actualizaciones
2025-05-09 13:59:33 - Usuario ID: 10
2025-05-09 13:59:36 - /Controlador/batalla_api.php?action=obtener_actualizaciones&batalla_id=36&ultima_accion=0 - obtener_actualizaciones
2025-05-09 13:59:36 - Usuario ID: 10
2025-05-09 13:59:39 - /Controlador/batalla_api.php?action=obtener_actualizaciones&batalla_id=36&ultima_accion=0 - obtener_actualizaciones
2025-05-09 13:59:39 - Usuario ID: 10
2025-05-09 13:59:42 - /Controlador/batalla_api.php?action=obtener_actualizaciones&batalla_id=36&ultima_accion=0 - obtener_actualizaciones
2025-05-09 13:59:42 - Usuario ID: 10
2025-05-09 13:59:45 - /Controlador/batalla_api.php?action=obtener_actualizaciones&batalla_id=36&ultima_accion=0 - obtener_actualizaciones
2025-05-09 13:59:45 - Usuario ID: 10
2025-05-09 13:59:48 - /Controlador/batalla_api.php?action=obtener_actualizaciones&batalla_id=36&ultima_accion=0 - obtener_actualizaciones
2025-05-09 13:59:48 - Usuario ID: 10
2025-05-09 13:59:51 - /Controlador/batalla_api.php?action=obtener_actualizaciones&batalla_id=36&ultima_accion=0 - obtener_actualizaciones
2025-05-09 13:59:51 - Usuario ID: 10
2025-05-09 13:59:54 - /Controlador/batalla_api.php?action=obtener_actualizaciones&batalla_id=36&ultima_accion=0 - obtener_actualizaciones
2025-05-09 13:59:54 - Usuario ID: 10
2025-05-09 13:59:57 - /Controlador/batalla_api.php?action=obtener_actualizaciones&batalla_id=36&ultima_accion=0 - obtener_actualizaciones
2025-05-09 13:59:57 - Usuario ID: 10
2025-05-09 14:00:00 - /Controlador/batalla_api.php?action=obtener_actualizaciones&batalla_id=36&ultima_accion=0 - obtener_actualizaciones
2025-05-09 14:00:00 - Usuario ID: 10
2025-05-09 14:00:03 - /Controlador/batalla_api.php?action=obtener_actualizaciones&batalla_id=36&ultima_accion=0 - obtener_actualizaciones
2025-05-09 14:00:03 - Usuario ID: 10
2025-05-09 14:00:06 - /Controlador/batalla_api.php?action=obtener_actualizaciones&batalla_id=36&ultima_accion=0 - obtener_actualizaciones
2025-05-09 14:00:06 - Usuario ID: 10
2025-05-09 14:00:09 - /Controlador/batalla_api.php?action=obtener_actualizaciones&batalla_id=36&ultima_accion=0 - obtener_actualizaciones
2025-05-09 14:00:09 - Usuario ID: 10
2025-05-09 14:00:12 - /Controlador/batalla_api.php?action=obtener_actualizaciones&batalla_id=36&ultima_accion=0 - obtener_actualizaciones
2025-05-09 14:00:12 - Usuario ID: 10
2025-05-09 14:00:15 - /Controlador/batalla_api.php?action=obtener_actualizaciones&batalla_id=36&ultima_accion=0 - obtener_actualizaciones
2025-05-09 14:00:15 - Usuario ID: 10
2025-05-09 14:00:18 - /Controlador/batalla_api.php?action=obtener_actualizaciones&batalla_id=36&ultima_accion=0 - obtener_actualizaciones
2025-05-09 14:00:18 - Usuario ID: 10
2025-05-09 14:00:21 - /Controlador/batalla_api.php?action=obtener_actualizaciones&batalla_id=36&ultima_accion=0 - obtener_actualizaciones
2025-05-09 14:00:21 - Usuario ID: 10
2025-05-09 14:00:24 - /Controlador/batalla_api.php?action=obtener_actualizaciones&batalla_id=36&ultima_accion=0 - obtener_actualizaciones
2025-05-09 14:00:24 - Usuario ID: 10
2025-05-09 14:00:27 - /Controlador/batalla_api.php?action=obtener_actualizaciones&batalla_id=36&ultima_accion=0 - obtener_actualizaciones
2025-05-09 14:00:27 - Usuario ID: 10
2025-05-09 14:00:30 - /Controlador/batalla_api.php?action=obtener_actualizaciones&batalla_id=36&ultima_accion=0 - obtener_actualizaciones
2025-05-09 14:00:30 - Usuario ID: 10
2025-05-09 14:00:33 - /Controlador/batalla_api.php?action=obtener_actualizaciones&batalla_id=36&ultima_accion=0 - obtener_actualizaciones
2025-05-09 14:00:33 - Usuario ID: 10
2025-05-09 14:00:36 - /Controlador/batalla_api.php?action=obtener_actualizaciones&batalla_id=36&ultima_accion=0 - obtener_actualizaciones
2025-05-09 14:00:36 - Usuario ID: 10
2025-05-09 14:00:39 - /Controlador/batalla_api.php?action=obtener_actualizaciones&batalla_id=36&ultima_accion=0 - obtener_actualizaciones
2025-05-09 14:00:39 - Usuario ID: 10
2025-05-09 14:00:42 - /Controlador/batalla_api.php?action=obtener_actualizaciones&batalla_id=36&ultima_accion=0 - obtener_actualizaciones
2025-05-09 14:00:42 - Usuario ID: 10
2025-05-09 14:00:45 - /Controlador/batalla_api.php?action=obtener_actualizaciones&batalla_id=36&ultima_accion=0 - obtener_actualizaciones
2025-05-09 14:00:45 - Usuario ID: 10
2025-05-09 14:00:48 - /Controlador/batalla_api.php?action=obtener_actualizaciones&batalla_id=36&ultima_accion=0 - obtener_actualizaciones
2025-05-09 14:00:48 - Usuario ID: 10
2025-05-09 14:00:51 - /Controlador/batalla_api.php?action=obtener_actualizaciones&batalla_id=36&ultima_accion=0 - obtener_actualizaciones
2025-05-09 14:00:51 - Usuario ID: 10
2025-05-09 14:00:54 - /Controlador/batalla_api.php?action=obtener_actualizaciones&batalla_id=36&ultima_accion=0 - obtener_actualizaciones
2025-05-09 14:00:54 - Usuario ID: 10
2025-05-09 14:00:57 - /Controlador/batalla_api.php?action=obtener_actualizaciones&batalla_id=36&ultima_accion=0 - obtener_actualizaciones
2025-05-09 14:00:57 - Usuario ID: 10
2025-05-09 14:01:00 - /Controlador/batalla_api.php?action=obtener_actualizaciones&batalla_id=36&ultima_accion=0 - obtener_actualizaciones
2025-05-09 14:01:00 - Usuario ID: 10
2025-05-09 14:01:03 - /Controlador/batalla_api.php?action=obtener_actualizaciones&batalla_id=36&ultima_accion=0 - obtener_actualizaciones
2025-05-09 14:01:03 - Usuario ID: 10
2025-05-09 14:01:06 - /Controlador/batalla_api.php?action=obtener_actualizaciones&batalla_id=36&ultima_accion=0 - obtener_actualizaciones
2025-05-09 14:01:06 - Usuario ID: 10
2025-05-09 14:01:09 - /Controlador/batalla_api.php?action=obtener_actualizaciones&batalla_id=36&ultima_accion=0 - obtener_actualizaciones
2025-05-09 14:01:09 - Usuario ID: 10
2025-05-09 14:01:12 - /Controlador/batalla_api.php?action=obtener_actualizaciones&batalla_id=36&ultima_accion=0 - obtener_actualizaciones
2025-05-09 14:01:12 - Usuario ID: 10
2025-05-09 14:01:15 - /Controlador/batalla_api.php?action=obtener_actualizaciones&batalla_id=36&ultima_accion=0 - obtener_actualizaciones
2025-05-09 14:01:15 - Usuario ID: 10
2025-05-09 14:01:18 - /Controlador/batalla_api.php?action=obtener_actualizaciones&batalla_id=36&ultima_accion=0 - obtener_actualizaciones
2025-05-09 14:01:18 - Usuario ID: 10
2025-05-09 14:01:21 - /Controlador/batalla_api.php?action=obtener_actualizaciones&batalla_id=36&ultima_accion=0 - obtener_actualizaciones
2025-05-09 14:01:21 - Usuario ID: 10
2025-05-09 14:01:24 - /Controlador/batalla_api.php?action=obtener_actualizaciones&batalla_id=36&ultima_accion=0 - obtener_actualizaciones
2025-05-09 14:01:24 - Usuario ID: 10
2025-05-09 14:01:27 - /Controlador/batalla_api.php?action=obtener_actualizaciones&batalla_id=36&ultima_accion=0 - obtener_actualizaciones
2025-05-09 14:01:27 - Usuario ID: 10
2025-05-09 14:01:30 - /Controlador/batalla_api.php?action=obtener_actualizaciones&batalla_id=36&ultima_accion=0 - obtener_actualizaciones
2025-05-09 14:01:30 - Usuario ID: 10
2025-05-09 14:01:33 - /Controlador/batalla_api.php?action=obtener_actualizaciones&batalla_id=36&ultima_accion=0 - obtener_actualizaciones
2025-05-09 14:01:33 - Usuario ID: 10
2025-05-09 14:01:36 - /Controlador/batalla_api.php?action=obtener_actualizaciones&batalla_id=36&ultima_accion=0 - obtener_actualizaciones
2025-05-09 14:01:36 - Usuario ID: 10
2025-05-09 14:01:39 - /Controlador/batalla_api.php?action=obtener_actualizaciones&batalla_id=36&ultima_accion=0 - obtener_actualizaciones
2025-05-09 14:01:39 - Usuario ID: 10
2025-05-09 14:01:42 - /Controlador/batalla_api.php?action=obtener_actualizaciones&batalla_id=36&ultima_accion=0 - obtener_actualizaciones
2025-05-09 14:01:42 - Usuario ID: 10
2025-05-09 14:01:45 - /Controlador/batalla_api.php?action=obtener_actualizaciones&batalla_id=36&ultima_accion=0 - obtener_actualizaciones
2025-05-09 14:01:45 - Usuario ID: 10
2025-05-09 14:01:48 - /Controlador/batalla_api.php?action=obtener_actualizaciones&batalla_id=36&ultima_accion=0 - obtener_actualizaciones
2025-05-09 14:01:48 - Usuario ID: 10
2025-05-09 14:01:51 - /Controlador/batalla_api.php?action=obtener_actualizaciones&batalla_id=36&ultima_accion=0 - obtener_actualizaciones
2025-05-09 14:01:51 - Usuario ID: 10
2025-05-09 14:01:54 - /Controlador/batalla_api.php?action=obtener_actualizaciones&batalla_id=36&ultima_accion=0 - obtener_actualizaciones
2025-05-09 14:01:54 - Usuario ID: 10
2025-05-09 14:01:57 - /Controlador/batalla_api.php?action=obtener_actualizaciones&batalla_id=36&ultima_accion=0 - obtener_actualizaciones
2025-05-09 14:01:57 - Usuario ID: 10
2025-05-09 14:02:00 - /Controlador/batalla_api.php?action=obtener_actualizaciones&batalla_id=36&ultima_accion=0 - obtener_actualizaciones
2025-05-09 14:02:00 - Usuario ID: 10
2025-05-09 14:02:03 - /Controlador/batalla_api.php?action=obtener_actualizaciones&batalla_id=36&ultima_accion=0 - obtener_actualizaciones
2025-05-09 14:02:03 - Usuario ID: 10
2025-05-09 14:02:06 - /Controlador/batalla_api.php?action=obtener_actualizaciones&batalla_id=36&ultima_accion=0 - obtener_actualizaciones
2025-05-09 14:02:06 - Usuario ID: 10
2025-05-09 14:02:09 - /Controlador/batalla_api.php?action=obtener_actualizaciones&batalla_id=36&ultima_accion=0 - obtener_actualizaciones
2025-05-09 14:02:09 - Usuario ID: 10
2025-05-09 14:02:12 - /Controlador/batalla_api.php?action=obtener_actualizaciones&batalla_id=36&ultima_accion=0 - obtener_actualizaciones
2025-05-09 14:02:12 - Usuario ID: 10
2025-05-09 14:02:15 - /Controlador/batalla_api.php?action=obtener_actualizaciones&batalla_id=36&ultima_accion=0 - obtener_actualizaciones
2025-05-09 14:02:15 - Usuario ID: 10
2025-05-09 14:02:18 - /Controlador/batalla_api.php?action=obtener_actualizaciones&batalla_id=36&ultima_accion=0 - obtener_actualizaciones
2025-05-09 14:02:18 - Usuario ID: 10
2025-05-09 14:02:21 - /Controlador/batalla_api.php?action=obtener_actualizaciones&batalla_id=36&ultima_accion=0 - obtener_actualizaciones
2025-05-09 14:02:21 - Usuario ID: 10
2025-05-09 14:02:24 - /Controlador/batalla_api.php?action=obtener_actualizaciones&batalla_id=36&ultima_accion=0 - obtener_actualizaciones
2025-05-09 14:02:24 - Usuario ID: 10
2025-05-09 14:02:27 - /Controlador/batalla_api.php?action=obtener_actualizaciones&batalla_id=36&ultima_accion=0 - obtener_actualizaciones
2025-05-09 14:02:27 - Usuario ID: 10
2025-05-09 14:02:30 - /Controlador/batalla_api.php?action=obtener_actualizaciones&batalla_id=36&ultima_accion=0 - obtener_actualizaciones
2025-05-09 14:02:30 - Usuario ID: 10
2025-05-09 14:02:33 - /Controlador/batalla_api.php?action=obtener_actualizaciones&batalla_id=36&ultima_accion=0 - obtener_actualizaciones
2025-05-09 14:02:33 - Usuario ID: 10
2025-05-09 14:02:36 - /Controlador/batalla_api.php?action=obtener_actualizaciones&batalla_id=36&ultima_accion=0 - obtener_actualizaciones
2025-05-09 14:02:36 - Usuario ID: 10
2025-05-09 14:02:39 - /Controlador/batalla_api.php?action=obtener_actualizaciones&batalla_id=36&ultima_accion=0 - obtener_actualizaciones
2025-05-09 14:02:39 - Usuario ID: 10
2025-05-09 14:02:42 - /Controlador/batalla_api.php?action=obtener_actualizaciones&batalla_id=36&ultima_accion=0 - obtener_actualizaciones
2025-05-09 14:02:42 - Usuario ID: 10
2025-05-09 14:02:45 - /Controlador/batalla_api.php?action=obtener_actualizaciones&batalla_id=36&ultima_accion=0 - obtener_actualizaciones
2025-05-09 14:02:45 - Usuario ID: 10
2025-05-09 14:02:48 - /Controlador/batalla_api.php?action=obtener_actualizaciones&batalla_id=36&ultima_accion=0 - obtener_actualizaciones
2025-05-09 14:02:48 - Usuario ID: 10
2025-05-09 14:02:51 - /Controlador/batalla_api.php?action=obtener_actualizaciones&batalla_id=36&ultima_accion=0 - obtener_actualizaciones
2025-05-09 14:02:51 - Usuario ID: 10
2025-05-09 14:02:54 - /Controlador/batalla_api.php?action=obtener_actualizaciones&batalla_id=36&ultima_accion=0 - obtener_actualizaciones
2025-05-09 14:02:54 - Usuario ID: 10
2025-05-09 14:02:57 - /Controlador/batalla_api.php?action=obtener_actualizaciones&batalla_id=36&ultima_accion=0 - obtener_actualizaciones
2025-05-09 14:02:57 - Usuario ID: 10
2025-05-09 14:03:00 - /Controlador/batalla_api.php?action=obtener_actualizaciones&batalla_id=36&ultima_accion=0 - obtener_actualizaciones
2025-05-09 14:03:00 - Usuario ID: 10
2025-05-09 14:03:03 - /Controlador/batalla_api.php?action=obtener_actualizaciones&batalla_id=36&ultima_accion=0 - obtener_actualizaciones
2025-05-09 14:03:03 - Usuario ID: 10
2025-05-09 14:03:06 - /Controlador/batalla_api.php?action=obtener_actualizaciones&batalla_id=36&ultima_accion=0 - obtener_actualizaciones
2025-05-09 14:03:06 - Usuario ID: 10
2025-05-09 14:03:09 - /Controlador/batalla_api.php?action=obtener_actualizaciones&batalla_id=36&ultima_accion=0 - obtener_actualizaciones
2025-05-09 14:03:09 - Usuario ID: 10
2025-05-09 14:03:12 - /Controlador/batalla_api.php?action=obtener_actualizaciones&batalla_id=36&ultima_accion=0 - obtener_actualizaciones
2025-05-09 14:03:12 - Usuario ID: 10
2025-05-09 14:03:15 - /Controlador/batalla_api.php?action=obtener_actualizaciones&batalla_id=36&ultima_accion=0 - obtener_actualizaciones
2025-05-09 14:03:15 - Usuario ID: 10
2025-05-09 14:03:18 - /Controlador/batalla_api.php?action=obtener_actualizaciones&batalla_id=36&ultima_accion=0 - obtener_actualizaciones
2025-05-09 14:03:18 - Usuario ID: 10
2025-05-09 14:03:21 - /Controlador/batalla_api.php?action=obtener_actualizaciones&batalla_id=36&ultima_accion=0 - obtener_actualizaciones
2025-05-09 14:03:21 - Usuario ID: 10
2025-05-09 14:03:24 - /Controlador/batalla_api.php?action=obtener_actualizaciones&batalla_id=36&ultima_accion=0 - obtener_actualizaciones
2025-05-09 14:03:24 - Usuario ID: 10
2025-05-09 14:03:27 - /Controlador/batalla_api.php?action=obtener_actualizaciones&batalla_id=36&ultima_accion=0 - obtener_actualizaciones
2025-05-09 14:03:27 - Usuario ID: 10
2025-05-09 14:03:30 - /Controlador/batalla_api.php?action=obtener_actualizaciones&batalla_id=36&ultima_accion=0 - obtener_actualizaciones
2025-05-09 14:03:30 - Usuario ID: 10
2025-05-09 14:03:33 - /Controlador/batalla_api.php?action=obtener_actualizaciones&batalla_id=36&ultima_accion=0 - obtener_actualizaciones
2025-05-09 14:03:33 - Usuario ID: 10
2025-05-09 14:03:36 - /Controlador/batalla_api.php?action=obtener_actualizaciones&batalla_id=36&ultima_accion=0 - obtener_actualizaciones
2025-05-09 14:03:36 - Usuario ID: 10
2025-05-09 14:03:39 - /Controlador/batalla_api.php?action=obtener_actualizaciones&batalla_id=36&ultima_accion=0 - obtener_actualizaciones
2025-05-09 14:03:39 - Usuario ID: 10
2025-05-09 14:03:42 - /Controlador/batalla_api.php?action=obtener_actualizaciones&batalla_id=36&ultima_accion=0 - obtener_actualizaciones
2025-05-09 14:03:42 - Usuario ID: 10
2025-05-09 14:03:45 - /Controlador/batalla_api.php?action=obtener_actualizaciones&batalla_id=36&ultima_accion=0 - obtener_actualizaciones
2025-05-09 14:03:45 - Usuario ID: 10
2025-05-09 14:03:48 - /Controlador/batalla_api.php?action=obtener_actualizaciones&batalla_id=36&ultima_accion=0 - obtener_actualizaciones
2025-05-09 14:03:48 - Usuario ID: 10
2025-05-09 14:03:51 - /Controlador/batalla_api.php?action=obtener_actualizaciones&batalla_id=36&ultima_accion=0 - obtener_actualizaciones
2025-05-09 14:03:51 - Usuario ID: 10
2025-05-09 14:03:54 - /Controlador/batalla_api.php?action=obtener_actualizaciones&batalla_id=36&ultima_accion=0 - obtener_actualizaciones
2025-05-09 14:03:54 - Usuario ID: 10
2025-05-09 14:03:57 - /Controlador/batalla_api.php?action=obtener_actualizaciones&batalla_id=36&ultima_accion=0 - obtener_actualizaciones
2025-05-09 14:03:57 - Usuario ID: 10
2025-05-09 14:04:00 - /Controlador/batalla_api.php?action=obtener_actualizaciones&batalla_id=36&ultima_accion=0 - obtener_actualizaciones
2025-05-09 14:04:00 - Usuario ID: 10
2025-05-09 14:04:03 - /Controlador/batalla_api.php?action=obtener_actualizaciones&batalla_id=36&ultima_accion=0 - obtener_actualizaciones
2025-05-09 14:04:03 - Usuario ID: 10
2025-05-09 14:04:06 - /Controlador/batalla_api.php?action=obtener_actualizaciones&batalla_id=36&ultima_accion=0 - obtener_actualizaciones
2025-05-09 14:04:06 - Usuario ID: 10
2025-05-09 14:04:09 - /Controlador/batalla_api.php?action=obtener_actualizaciones&batalla_id=36&ultima_accion=0 - obtener_actualizaciones
2025-05-09 14:04:09 - Usuario ID: 10
2025-05-09 14:04:12 - /Controlador/batalla_api.php?action=obtener_actualizaciones&batalla_id=36&ultima_accion=0 - obtener_actualizaciones
2025-05-09 14:04:12 - Usuario ID: 10
2025-05-09 14:04:15 - /Controlador/batalla_api.php?action=obtener_actualizaciones&batalla_id=36&ultima_accion=0 - obtener_actualizaciones
2025-05-09 14:04:15 - Usuario ID: 10
2025-05-09 14:04:18 - /Controlador/batalla_api.php?action=obtener_actualizaciones&batalla_id=36&ultima_accion=0 - obtener_actualizaciones
2025-05-09 14:04:18 - Usuario ID: 10
2025-05-09 14:04:21 - /Controlador/batalla_api.php?action=obtener_actualizaciones&batalla_id=36&ultima_accion=0 - obtener_actualizaciones
2025-05-09 14:04:21 - Usuario ID: 10
2025-05-09 14:04:24 - /Controlador/batalla_api.php?action=obtener_actualizaciones&batalla_id=36&ultima_accion=0 - obtener_actualizaciones
2025-05-09 14:04:24 - Usuario ID: 10
2025-05-09 14:04:27 - /Controlador/batalla_api.php?action=obtener_actualizaciones&batalla_id=36&ultima_accion=0 - obtener_actualizaciones
2025-05-09 14:04:27 - Usuario ID: 10
2025-05-09 14:04:30 - /Controlador/batalla_api.php?action=obtener_actualizaciones&batalla_id=36&ultima_accion=0 - obtener_actualizaciones
2025-05-09 14:04:30 - Usuario ID: 10
2025-05-09 14:04:33 - /Controlador/batalla_api.php?action=obtener_actualizaciones&batalla_id=36&ultima_accion=0 - obtener_actualizaciones
2025-05-09 14:04:33 - Usuario ID: 10
2025-05-09 14:04:36 - /Controlador/batalla_api.php?action=obtener_actualizaciones&batalla_id=36&ultima_accion=0 - obtener_actualizaciones
2025-05-09 14:04:36 - Usuario ID: 10
2025-05-09 14:04:39 - /Controlador/batalla_api.php?action=obtener_actualizaciones&batalla_id=36&ultima_accion=0 - obtener_actualizaciones
2025-05-09 14:04:39 - Usuario ID: 10
2025-05-09 14:04:42 - /Controlador/batalla_api.php?action=obtener_actualizaciones&batalla_id=36&ultima_accion=0 - obtener_actualizaciones
2025-05-09 14:04:42 - Usuario ID: 10
2025-05-09 14:04:45 - /Controlador/batalla_api.php?action=obtener_actualizaciones&batalla_id=36&ultima_accion=0 - obtener_actualizaciones
2025-05-09 14:04:45 - Usuario ID: 10
2025-05-09 14:04:48 - /Controlador/batalla_api.php?action=obtener_actualizaciones&batalla_id=36&ultima_accion=0 - obtener_actualizaciones
2025-05-09 14:04:48 - Usuario ID: 10
2025-05-09 14:04:51 - /Controlador/batalla_api.php?action=obtener_actualizaciones&batalla_id=36&ultima_accion=0 - obtener_actualizaciones
2025-05-09 14:04:51 - Usuario ID: 10
2025-05-09 14:04:54 - /Controlador/batalla_api.php?action=obtener_actualizaciones&batalla_id=36&ultima_accion=0 - obtener_actualizaciones
2025-05-09 14:04:54 - Usuario ID: 10
2025-05-09 14:04:57 - /Controlador/batalla_api.php?action=obtener_actualizaciones&batalla_id=36&ultima_accion=0 - obtener_actualizaciones
2025-05-09 14:04:57 - Usuario ID: 10
2025-05-09 14:05:00 - /Controlador/batalla_api.php?action=obtener_actualizaciones&batalla_id=36&ultima_accion=0 - obtener_actualizaciones
2025-05-09 14:05:00 - Usuario ID: 10
2025-05-09 14:05:03 - /Controlador/batalla_api.php?action=obtener_actualizaciones&batalla_id=36&ultima_accion=0 - obtener_actualizaciones
2025-05-09 14:05:03 - Usuario ID: 10
2025-05-09 14:05:06 - /Controlador/batalla_api.php?action=obtener_actualizaciones&batalla_id=36&ultima_accion=0 - obtener_actualizaciones
2025-05-09 14:05:06 - Usuario ID: 10
2025-05-09 14:05:09 - /Controlador/batalla_api.php?action=obtener_actualizaciones&batalla_id=36&ultima_accion=0 - obtener_actualizaciones
2025-05-09 14:05:09 - Usuario ID: 10
2025-05-09 14:05:12 - /Controlador/batalla_api.php?action=obtener_actualizaciones&batalla_id=36&ultima_accion=0 - obtener_actualizaciones
2025-05-09 14:05:12 - Usuario ID: 10
2025-05-09 14:05:15 - /Controlador/batalla_api.php?action=obtener_actualizaciones&batalla_id=36&ultima_accion=0 - obtener_actualizaciones
2025-05-09 14:05:15 - Usuario ID: 10
2025-05-09 14:05:18 - /Controlador/batalla_api.php?action=obtener_actualizaciones&batalla_id=36&ultima_accion=0 - obtener_actualizaciones
2025-05-09 14:05:18 - Usuario ID: 10
2025-05-09 14:05:21 - /Controlador/batalla_api.php?action=obtener_actualizaciones&batalla_id=36&ultima_accion=0 - obtener_actualizaciones
2025-05-09 14:05:21 - Usuario ID: 10
2025-05-09 14:05:24 - /Controlador/batalla_api.php?action=obtener_actualizaciones&batalla_id=36&ultima_accion=0 - obtener_actualizaciones
2025-05-09 14:05:24 - Usuario ID: 10
2025-05-09 14:05:27 - /Controlador/batalla_api.php?action=obtener_actualizaciones&batalla_id=36&ultima_accion=0 - obtener_actualizaciones
2025-05-09 14:05:27 - Usuario ID: 10
2025-05-09 14:05:30 - /Controlador/batalla_api.php?action=obtener_actualizaciones&batalla_id=36&ultima_accion=0 - obtener_actualizaciones
2025-05-09 14:05:30 - Usuario ID: 10
2025-05-09 14:05:33 - /Controlador/batalla_api.php?action=obtener_actualizaciones&batalla_id=36&ultima_accion=0 - obtener_actualizaciones
2025-05-09 14:05:33 - Usuario ID: 10
2025-05-09 14:05:36 - /Controlador/batalla_api.php?action=obtener_actualizaciones&batalla_id=36&ultima_accion=0 - obtener_actualizaciones
2025-05-09 14:05:36 - Usuario ID: 10
2025-05-09 14:05:39 - /Controlador/batalla_api.php?action=obtener_actualizaciones&batalla_id=36&ultima_accion=0 - obtener_actualizaciones
2025-05-09 14:05:39 - Usuario ID: 10
2025-05-09 14:05:42 - /Controlador/batalla_api.php?action=obtener_actualizaciones&batalla_id=36&ultima_accion=0 - obtener_actualizaciones
2025-05-09 14:05:42 - Usuario ID: 10
2025-05-09 14:05:45 - /Controlador/batalla_api.php?action=obtener_actualizaciones&batalla_id=36&ultima_accion=0 - obtener_actualizaciones
2025-05-09 14:05:45 - Usuario ID: 10
2025-05-09 14:05:48 - /Controlador/batalla_api.php?action=obtener_actualizaciones&batalla_id=36&ultima_accion=0 - obtener_actualizaciones
2025-05-09 14:05:48 - Usuario ID: 10
2025-05-09 14:05:51 - /Controlador/batalla_api.php?action=obtener_actualizaciones&batalla_id=36&ultima_accion=0 - obtener_actualizaciones
2025-05-09 14:05:51 - Usuario ID: 10
2025-05-09 14:05:54 - /Controlador/batalla_api.php?action=obtener_actualizaciones&batalla_id=36&ultima_accion=0 - obtener_actualizaciones
2025-05-09 14:05:54 - Usuario ID: 10
2025-05-09 14:05:57 - /Controlador/batalla_api.php?action=obtener_actualizaciones&batalla_id=36&ultima_accion=0 - obtener_actualizaciones
2025-05-09 14:05:57 - Usuario ID: 10
2025-05-09 14:06:00 - /Controlador/batalla_api.php?action=obtener_actualizaciones&batalla_id=36&ultima_accion=0 - obtener_actualizaciones
2025-05-09 14:06:00 - Usuario ID: 10
2025-05-09 14:06:03 - /Controlador/batalla_api.php?action=obtener_actualizaciones&batalla_id=36&ultima_accion=0 - obtener_actualizaciones
2025-05-09 14:06:03 - Usuario ID: 10
2025-05-09 14:06:06 - /Controlador/batalla_api.php?action=obtener_actualizaciones&batalla_id=36&ultima_accion=0 - obtener_actualizaciones
2025-05-09 14:06:06 - Usuario ID: 10
2025-05-09 14:06:09 - /Controlador/batalla_api.php?action=obtener_actualizaciones&batalla_id=36&ultima_accion=0 - obtener_actualizaciones
2025-05-09 14:06:09 - Usuario ID: 10
2025-05-09 14:06:12 - /Controlador/batalla_api.php?action=obtener_actualizaciones&batalla_id=36&ultima_accion=0 - obtener_actualizaciones
2025-05-09 14:06:12 - Usuario ID: 10
2025-05-09 14:06:15 - /Controlador/batalla_api.php?action=obtener_actualizaciones&batalla_id=36&ultima_accion=0 - obtener_actualizaciones
2025-05-09 14:06:15 - Usuario ID: 10
2025-05-09 14:06:18 - /Controlador/batalla_api.php?action=obtener_actualizaciones&batalla_id=36&ultima_accion=0 - obtener_actualizaciones
2025-05-09 14:06:18 - Usuario ID: 10
2025-05-09 14:06:21 - /Controlador/batalla_api.php?action=obtener_actualizaciones&batalla_id=36&ultima_accion=0 - obtener_actualizaciones
2025-05-09 14:06:21 - Usuario ID: 10
2025-05-09 14:06:24 - /Controlador/batalla_api.php?action=obtener_actualizaciones&batalla_id=36&ultima_accion=0 - obtener_actualizaciones
2025-05-09 14:06:24 - Usuario ID: 10
2025-05-09 14:06:27 - /Controlador/batalla_api.php?action=obtener_actualizaciones&batalla_id=36&ultima_accion=0 - obtener_actualizaciones
2025-05-09 14:06:27 - Usuario ID: 10
2025-05-09 14:06:30 - /Controlador/batalla_api.php?action=obtener_actualizaciones&batalla_id=36&ultima_accion=0 - obtener_actualizaciones
2025-05-09 14:06:30 - Usuario ID: 10
2025-05-09 14:06:33 - /Controlador/batalla_api.php?action=obtener_actualizaciones&batalla_id=36&ultima_accion=0 - obtener_actualizaciones
2025-05-09 14:06:33 - Usuario ID: 10
2025-05-09 14:06:36 - /Controlador/batalla_api.php?action=obtener_actualizaciones&batalla_id=36&ultima_accion=0 - obtener_actualizaciones
2025-05-09 14:06:36 - Usuario ID: 10
2025-05-09 14:06:39 - /Controlador/batalla_api.php?action=obtener_actualizaciones&batalla_id=36&ultima_accion=0 - obtener_actualizaciones
2025-05-09 14:06:39 - Usuario ID: 10
2025-05-09 14:06:42 - /Controlador/batalla_api.php?action=obtener_actualizaciones&batalla_id=36&ultima_accion=0 - obtener_actualizaciones
2025-05-09 14:06:42 - Usuario ID: 10
2025-05-09 14:06:45 - /Controlador/batalla_api.php?action=obtener_actualizaciones&batalla_id=36&ultima_accion=0 - obtener_actualizaciones
2025-05-09 14:06:45 - Usuario ID: 10
2025-05-09 14:06:48 - /Controlador/batalla_api.php?action=obtener_actualizaciones&batalla_id=36&ultima_accion=0 - obtener_actualizaciones
2025-05-09 14:06:48 - Usuario ID: 10
2025-05-09 14:06:51 - /Controlador/batalla_api.php?action=obtener_actualizaciones&batalla_id=36&ultima_accion=0 - obtener_actualizaciones
2025-05-09 14:06:51 - Usuario ID: 10
2025-05-09 14:06:54 - /Controlador/batalla_api.php?action=obtener_actualizaciones&batalla_id=36&ultima_accion=0 - obtener_actualizaciones
2025-05-09 14:06:54 - Usuario ID: 10
2025-05-09 14:06:57 - /Controlador/batalla_api.php?action=obtener_actualizaciones&batalla_id=36&ultima_accion=0 - obtener_actualizaciones
2025-05-09 14:06:57 - Usuario ID: 10
2025-05-09 14:07:00 - /Controlador/batalla_api.php?action=obtener_actualizaciones&batalla_id=36&ultima_accion=0 - obtener_actualizaciones
2025-05-09 14:07:00 - Usuario ID: 10
2025-05-09 14:07:03 - /Controlador/batalla_api.php?action=obtener_actualizaciones&batalla_id=36&ultima_accion=0 - obtener_actualizaciones
2025-05-09 14:07:03 - Usuario ID: 10
2025-05-09 14:07:06 - /Controlador/batalla_api.php?action=obtener_actualizaciones&batalla_id=36&ultima_accion=0 - obtener_actualizaciones
2025-05-09 14:07:06 - Usuario ID: 10
2025-05-09 14:07:09 - /Controlador/batalla_api.php?action=obtener_actualizaciones&batalla_id=36&ultima_accion=0 - obtener_actualizaciones
2025-05-09 14:07:09 - Usuario ID: 10
2025-05-09 14:07:12 - /Controlador/batalla_api.php?action=obtener_actualizaciones&batalla_id=36&ultima_accion=0 - obtener_actualizaciones
2025-05-09 14:07:12 - Usuario ID: 10
2025-05-09 14:07:15 - /Controlador/batalla_api.php?action=obtener_actualizaciones&batalla_id=36&ultima_accion=0 - obtener_actualizaciones
2025-05-09 14:07:15 - Usuario ID: 10
2025-05-09 14:07:18 - /Controlador/batalla_api.php?action=obtener_actualizaciones&batalla_id=36&ultima_accion=0 - obtener_actualizaciones
2025-05-09 14:07:18 - Usuario ID: 10
2025-05-09 14:07:21 - /Controlador/batalla_api.php?action=obtener_actualizaciones&batalla_id=36&ultima_accion=0 - obtener_actualizaciones
2025-05-09 14:07:21 - Usuario ID: 10
2025-05-09 14:07:24 - /Controlador/batalla_api.php?action=obtener_actualizaciones&batalla_id=36&ultima_accion=0 - obtener_actualizaciones
2025-05-09 14:07:24 - Usuario ID: 10
2025-05-09 14:07:27 - /Controlador/batalla_api.php?action=obtener_actualizaciones&batalla_id=36&ultima_accion=0 - obtener_actualizaciones
2025-05-09 14:07:27 - Usuario ID: 10
2025-05-09 14:07:30 - /Controlador/batalla_api.php?action=obtener_actualizaciones&batalla_id=36&ultima_accion=0 - obtener_actualizaciones
2025-05-09 14:07:30 - Usuario ID: 10
2025-05-09 14:07:33 - /Controlador/batalla_api.php?action=obtener_actualizaciones&batalla_id=36&ultima_accion=0 - obtener_actualizaciones
2025-05-09 14:07:33 - Usuario ID: 10
2025-05-09 14:07:36 - /Controlador/batalla_api.php?action=obtener_actualizaciones&batalla_id=36&ultima_accion=0 - obtener_actualizaciones
2025-05-09 14:07:36 - Usuario ID: 10
2025-05-09 14:07:39 - /Controlador/batalla_api.php?action=obtener_actualizaciones&batalla_id=36&ultima_accion=0 - obtener_actualizaciones
2025-05-09 14:07:39 - Usuario ID: 10
2025-05-09 14:07:42 - /Controlador/batalla_api.php?action=obtener_actualizaciones&batalla_id=36&ultima_accion=0 - obtener_actualizaciones
2025-05-09 14:07:42 - Usuario ID: 10
2025-05-09 14:07:45 - /Controlador/batalla_api.php?action=obtener_actualizaciones&batalla_id=36&ultima_accion=0 - obtener_actualizaciones
2025-05-09 14:07:45 - Usuario ID: 10
2025-05-09 14:07:48 - /Controlador/batalla_api.php?action=obtener_actualizaciones&batalla_id=36&ultima_accion=0 - obtener_actualizaciones
2025-05-09 14:07:48 - Usuario ID: 10
2025-05-09 14:07:51 - /Controlador/batalla_api.php?action=obtener_actualizaciones&batalla_id=36&ultima_accion=0 - obtener_actualizaciones
2025-05-09 14:07:51 - Usuario ID: 10
2025-05-09 14:07:54 - /Controlador/batalla_api.php?action=obtener_actualizaciones&batalla_id=36&ultima_accion=0 - obtener_actualizaciones
2025-05-09 14:07:54 - Usuario ID: 10
2025-05-09 14:07:57 - /Controlador/batalla_api.php?action=obtener_actualizaciones&batalla_id=36&ultima_accion=0 - obtener_actualizaciones
2025-05-09 14:07:57 - Usuario ID: 10
2025-05-09 14:08:00 - /Controlador/batalla_api.php?action=obtener_actualizaciones&batalla_id=36&ultima_accion=0 - obtener_actualizaciones
2025-05-09 14:08:00 - Usuario ID: 10
2025-05-09 14:08:03 - /Controlador/batalla_api.php?action=obtener_actualizaciones&batalla_id=36&ultima_accion=0 - obtener_actualizaciones
2025-05-09 14:08:03 - Usuario ID: 10
2025-05-09 14:08:06 - /Controlador/batalla_api.php?action=obtener_actualizaciones&batalla_id=36&ultima_accion=0 - obtener_actualizaciones
2025-05-09 14:08:06 - Usuario ID: 10
2025-05-09 14:08:09 - /Controlador/batalla_api.php?action=obtener_actualizaciones&batalla_id=36&ultima_accion=0 - obtener_actualizaciones
2025-05-09 14:08:09 - Usuario ID: 10
2025-05-09 14:08:12 - /Controlador/batalla_api.php?action=obtener_actualizaciones&batalla_id=36&ultima_accion=0 - obtener_actualizaciones
2025-05-09 14:08:12 - Usuario ID: 10
2025-05-09 14:08:15 - /Controlador/batalla_api.php?action=obtener_actualizaciones&batalla_id=36&ultima_accion=0 - obtener_actualizaciones
2025-05-09 14:08:15 - Usuario ID: 10
2025-05-09 14:08:18 - /Controlador/batalla_api.php?action=obtener_actualizaciones&batalla_id=36&ultima_accion=0 - obtener_actualizaciones
2025-05-09 14:08:18 - Usuario ID: 10
2025-05-09 14:08:21 - /Controlador/batalla_api.php?action=obtener_actualizaciones&batalla_id=36&ultima_accion=0 - obtener_actualizaciones
2025-05-09 14:08:21 - Usuario ID: 10
2025-05-09 14:08:24 - /Controlador/batalla_api.php?action=obtener_actualizaciones&batalla_id=36&ultima_accion=0 - obtener_actualizaciones
2025-05-09 14:08:24 - Usuario ID: 10
2025-05-09 14:08:27 - /Controlador/batalla_api.php?action=obtener_actualizaciones&batalla_id=36&ultima_accion=0 - obtener_actualizaciones
2025-05-09 14:08:27 - Usuario ID: 10
2025-05-09 14:08:30 - /Controlador/batalla_api.php?action=obtener_actualizaciones&batalla_id=36&ultima_accion=0 - obtener_actualizaciones
2025-05-09 14:08:30 - Usuario ID: 10
2025-05-09 14:08:33 - /Controlador/batalla_api.php?action=obtener_actualizaciones&batalla_id=36&ultima_accion=0 - obtener_actualizaciones
2025-05-09 14:08:33 - Usuario ID: 10
2025-05-09 14:08:36 - /Controlador/batalla_api.php?action=obtener_actualizaciones&batalla_id=36&ultima_accion=0 - obtener_actualizaciones
2025-05-09 14:08:36 - Usuario ID: 10
2025-05-09 14:08:39 - /Controlador/batalla_api.php?action=obtener_actualizaciones&batalla_id=36&ultima_accion=0 - obtener_actualizaciones
2025-05-09 14:08:39 - Usuario ID: 10
2025-05-09 14:08:42 - /Controlador/batalla_api.php?action=obtener_actualizaciones&batalla_id=36&ultima_accion=0 - obtener_actualizaciones
2025-05-09 14:08:42 - Usuario ID: 10
2025-05-09 14:08:45 - /Controlador/batalla_api.php?action=obtener_actualizaciones&batalla_id=36&ultima_accion=0 - obtener_actualizaciones
2025-05-09 14:08:45 - Usuario ID: 10
2025-05-09 14:08:48 - /Controlador/batalla_api.php?action=obtener_actualizaciones&batalla_id=36&ultima_accion=0 - obtener_actualizaciones
2025-05-09 14:08:48 - Usuario ID: 10
2025-05-09 14:08:51 - /Controlador/batalla_api.php?action=obtener_actualizaciones&batalla_id=36&ultima_accion=0 - obtener_actualizaciones
2025-05-09 14:08:51 - Usuario ID: 10
2025-05-09 14:08:54 - /Controlador/batalla_api.php?action=obtener_actualizaciones&batalla_id=36&ultima_accion=0 - obtener_actualizaciones
2025-05-09 14:08:54 - Usuario ID: 10
2025-05-09 14:08:57 - /Controlador/batalla_api.php?action=obtener_actualizaciones&batalla_id=36&ultima_accion=0 - obtener_actualizaciones
2025-05-09 14:08:57 - Usuario ID: 10
2025-05-09 14:09:00 - /Controlador/batalla_api.php?action=obtener_actualizaciones&batalla_id=36&ultima_accion=0 - obtener_actualizaciones
2025-05-09 14:09:00 - Usuario ID: 10
2025-05-09 14:09:03 - /Controlador/batalla_api.php?action=obtener_actualizaciones&batalla_id=36&ultima_accion=0 - obtener_actualizaciones
2025-05-09 14:09:03 - Usuario ID: 10
2025-05-09 14:09:06 - /Controlador/batalla_api.php?action=obtener_actualizaciones&batalla_id=36&ultima_accion=0 - obtener_actualizaciones
2025-05-09 14:09:06 - Usuario ID: 10
2025-05-09 14:09:09 - /Controlador/batalla_api.php?action=obtener_actualizaciones&batalla_id=36&ultima_accion=0 - obtener_actualizaciones
2025-05-09 14:09:09 - Usuario ID: 10
2025-05-09 14:09:12 - /Controlador/batalla_api.php?action=obtener_actualizaciones&batalla_id=36&ultima_accion=0 - obtener_actualizaciones
2025-05-09 14:09:12 - Usuario ID: 10
2025-05-09 14:09:15 - /Controlador/batalla_api.php?action=obtener_actualizaciones&batalla_id=36&ultima_accion=0 - obtener_actualizaciones
2025-05-09 14:09:15 - Usuario ID: 10
2025-05-09 14:09:18 - /Controlador/batalla_api.php?action=obtener_actualizaciones&batalla_id=36&ultima_accion=0 - obtener_actualizaciones
2025-05-09 14:09:18 - Usuario ID: 10
2025-05-09 14:09:21 - /Controlador/batalla_api.php?action=obtener_actualizaciones&batalla_id=36&ultima_accion=0 - obtener_actualizaciones
2025-05-09 14:09:21 - Usuario ID: 10
2025-05-09 14:09:24 - /Controlador/batalla_api.php?action=obtener_actualizaciones&batalla_id=36&ultima_accion=0 - obtener_actualizaciones
2025-05-09 14:09:24 - Usuario ID: 10
2025-05-09 14:09:27 - /Controlador/batalla_api.php?action=obtener_actualizaciones&batalla_id=36&ultima_accion=0 - obtener_actualizaciones
2025-05-09 14:09:27 - Usuario ID: 10
2025-05-09 14:09:30 - /Controlador/batalla_api.php?action=obtener_actualizaciones&batalla_id=36&ultima_accion=0 - obtener_actualizaciones
2025-05-09 14:09:30 - Usuario ID: 10
2025-05-09 14:09:33 - /Controlador/batalla_api.php?action=obtener_actualizaciones&batalla_id=36&ultima_accion=0 - obtener_actualizaciones
2025-05-09 14:09:33 - Usuario ID: 10
2025-05-09 14:09:36 - /Controlador/batalla_api.php?action=obtener_actualizaciones&batalla_id=36&ultima_accion=0 - obtener_actualizaciones
2025-05-09 14:09:36 - Usuario ID: 10
2025-05-09 14:09:39 - /Controlador/batalla_api.php?action=obtener_actualizaciones&batalla_id=36&ultima_accion=0 - obtener_actualizaciones
2025-05-09 14:09:39 - Usuario ID: 10
2025-05-09 14:09:42 - /Controlador/batalla_api.php?action=obtener_actualizaciones&batalla_id=36&ultima_accion=0 - obtener_actualizaciones
2025-05-09 14:09:42 - Usuario ID: 10
2025-05-09 18:29:51 - /Controlador/batalla_api.php?action=obtener_actualizaciones&batalla_id=38&ultima_accion=0 - obtener_actualizaciones
2025-05-09 18:29:51 - Usuario ID: 9
2025-05-09 18:29:52 - /Controlador/batalla_api.php?action=obtener_actualizaciones&batalla_id=38&ultima_accion=0 - obtener_actualizaciones
2025-05-09 18:29:52 - Usuario ID: 9
2025-05-09 18:29:54 - /Controlador/batalla_api.php?action=obtener_actualizaciones&batalla_id=38&ultima_accion=0 - obtener_actualizaciones
2025-05-09 18:29:54 - Usuario ID: 9
2025-05-09 18:29:57 - /Controlador/batalla_api.php?action=obtener_actualizaciones&batalla_id=38&ultima_accion=0 - obtener_actualizaciones
2025-05-09 18:29:57 - Usuario ID: 9
2025-05-09 18:30:00 - /Controlador/batalla_api.php?action=obtener_actualizaciones&batalla_id=38&ultima_accion=0 - obtener_actualizaciones
2025-05-09 18:30:00 - Usuario ID: 9
2025-05-09 18:30:03 - /Controlador/batalla_api.php?action=obtener_actualizaciones&batalla_id=38&ultima_accion=0 - obtener_actualizaciones
2025-05-09 18:30:03 - Usuario ID: 9
2025-05-09 18:30:06 - /Controlador/batalla_api.php?action=obtener_actualizaciones&batalla_id=38&ultima_accion=0 - obtener_actualizaciones
2025-05-09 18:30:06 - Usuario ID: 9
2025-05-09 18:30:09 - /Controlador/batalla_api.php?action=obtener_actualizaciones&batalla_id=38&ultima_accion=0 - obtener_actualizaciones
2025-05-09 18:30:09 - Usuario ID: 9
2025-05-09 18:30:12 - /Controlador/batalla_api.php?action=obtener_actualizaciones&batalla_id=38&ultima_accion=0 - obtener_actualizaciones
2025-05-09 18:30:12 - Usuario ID: 9
2025-05-09 18:30:15 - /Controlador/batalla_api.php?action=obtener_actualizaciones&batalla_id=38&ultima_accion=0 - obtener_actualizaciones
2025-05-09 18:30:15 - Usuario ID: 9
2025-05-09 18:30:18 - /Controlador/batalla_api.php?action=obtener_actualizaciones&batalla_id=38&ultima_accion=0 - obtener_actualizaciones
2025-05-09 18:30:18 - Usuario ID: 9
2025-05-09 18:30:21 - /Controlador/batalla_api.php?action=obtener_actualizaciones&batalla_id=38&ultima_accion=0 - obtener_actualizaciones
2025-05-09 18:30:21 - Usuario ID: 9
2025-05-09 18:30:24 - /Controlador/batalla_api.php?action=obtener_actualizaciones&batalla_id=38&ultima_accion=0 - obtener_actualizaciones
2025-05-09 18:30:24 - Usuario ID: 9
2025-05-09 18:30:25 - /Controlador/batalla_api.php?action=desafiaments_pendents - desafiaments_pendents
2025-05-09 18:30:25 - Usuario ID: 9
2025-05-09 18:30:25 - /Controlador/batalla_api.php?action=obtener_actualizaciones&batalla_id=38&ultima_accion=0 - obtener_actualizaciones
2025-05-09 18:30:25 - Usuario ID: 9
2025-05-09 18:30:28 - /Controlador/batalla_api.php?action=obtener_actualizaciones&batalla_id=38&ultima_accion=0 - obtener_actualizaciones
2025-05-09 18:30:28 - Usuario ID: 9
2025-05-09 18:30:31 - /Controlador/batalla_api.php?action=obtener_actualizaciones&batalla_id=38&ultima_accion=0 - obtener_actualizaciones
2025-05-09 18:30:31 - Usuario ID: 9
2025-05-09 18:31:02 - /Controlador/batalla_api.php?action=obtener_actualizaciones&batalla_id=38&ultima_accion=0 - obtener_actualizaciones
2025-05-09 18:31:02 - Usuario ID: 9
2025-05-09 18:31:05 - /Controlador/batalla_api.php?action=obtener_actualizaciones&batalla_id=38&ultima_accion=0 - obtener_actualizaciones
2025-05-09 18:31:05 - Usuario ID: 9
2025-05-09 18:31:08 - /Controlador/batalla_api.php?action=obtener_actualizaciones&batalla_id=38&ultima_accion=0 - obtener_actualizaciones
2025-05-09 18:31:08 - Usuario ID: 9
2025-05-09 18:31:41 - /Controlador/batalla_api.php?action=desafiaments_pendents - desafiaments_pendents
2025-05-09 18:31:41 - Usuario ID: 9
2025-05-09 18:31:56 - /Controlador/batalla_api.php?action=desafiaments_pendents - desafiaments_pendents
2025-05-09 18:31:56 - Usuario ID: 9
2025-05-09 18:32:11 - /Controlador/batalla_api.php?action=desafiaments_pendents - desafiaments_pendents
2025-05-09 18:32:11 - Usuario ID: 9
2025-05-09 18:32:26 - /Controlador/batalla_api.php?action=desafiaments_pendents - desafiaments_pendents
2025-05-09 18:32:26 - Usuario ID: 9
2025-05-09 18:32:42 - /Controlador/batalla_api.php?action=desafiaments_pendents - desafiaments_pendents
2025-05-09 18:32:42 - Usuario ID: 9
2025-05-09 18:32:56 - /Controlador/batalla_api.php?action=desafiaments_pendents - desafiaments_pendents
2025-05-09 18:32:56 - Usuario ID: 9
2025-05-09 18:33:08 - /Controlador/batalla_api.php - crear_desafiament
2025-05-09 18:33:08 - Usuario ID: 9
2025-05-09 18:33:08 - /Controlador/batalla_api.php?action=obtener_actualizaciones&batalla_id=39&ultima_accion=0 - obtener_actualizaciones
2025-05-09 18:33:08 - Usuario ID: 9
2025-05-09 18:33:11 - /Controlador/batalla_api.php?action=obtener_actualizaciones&batalla_id=39&ultima_accion=0 - obtener_actualizaciones
2025-05-09 18:33:11 - Usuario ID: 9
2025-05-09 18:33:14 - /Controlador/batalla_api.php?action=obtener_actualizaciones&batalla_id=39&ultima_accion=0 - obtener_actualizaciones
2025-05-09 18:33:14 - Usuario ID: 9
2025-05-09 18:33:17 - /Controlador/batalla_api.php?action=obtener_actualizaciones&batalla_id=39&ultima_accion=0 - obtener_actualizaciones
2025-05-09 18:33:17 - Usuario ID: 9
2025-05-09 18:33:20 - /Controlador/batalla_api.php?action=obtener_actualizaciones&batalla_id=39&ultima_accion=0 - obtener_actualizaciones
2025-05-09 18:33:20 - Usuario ID: 9
2025-05-09 18:33:23 - /Controlador/batalla_api.php?action=obtener_actualizaciones&batalla_id=39&ultima_accion=0 - obtener_actualizaciones
2025-05-09 18:33:23 - Usuario ID: 9
2025-05-09 18:33:26 - /Controlador/batalla_api.php?action=obtener_actualizaciones&batalla_id=39&ultima_accion=0 - obtener_actualizaciones
2025-05-09 18:33:26 - Usuario ID: 9
2025-05-09 18:33:29 - /Controlador/batalla_api.php?action=obtener_actualizaciones&batalla_id=39&ultima_accion=0 - obtener_actualizaciones
2025-05-09 18:33:29 - Usuario ID: 9
2025-05-09 18:33:32 - /Controlador/batalla_api.php?action=obtener_actualizaciones&batalla_id=39&ultima_accion=0 - obtener_actualizaciones
2025-05-09 18:33:32 - Usuario ID: 9
2025-05-09 18:33:35 - /Controlador/batalla_api.php?action=obtener_actualizaciones&batalla_id=39&ultima_accion=0 - obtener_actualizaciones
2025-05-09 18:33:35 - Usuario ID: 9
2025-05-09 18:33:38 - /Controlador/batalla_api.php?action=obtener_actualizaciones&batalla_id=39&ultima_accion=0 - obtener_actualizaciones
2025-05-09 18:33:38 - Usuario ID: 9
2025-05-09 18:33:41 - /Controlador/batalla_api.php?action=obtener_actualizaciones&batalla_id=39&ultima_accion=0 - obtener_actualizaciones
2025-05-09 18:33:41 - Usuario ID: 9
2025-05-09 18:33:44 - /Controlador/batalla_api.php?action=obtener_actualizaciones&batalla_id=39&ultima_accion=0 - obtener_actualizaciones
2025-05-09 18:33:44 - Usuario ID: 9
2025-05-09 18:33:47 - /Controlador/batalla_api.php?action=obtener_actualizaciones&batalla_id=39&ultima_accion=0 - obtener_actualizaciones
2025-05-09 18:33:47 - Usuario ID: 9
2025-05-09 18:33:50 - /Controlador/batalla_api.php?action=obtener_actualizaciones&batalla_id=39&ultima_accion=0 - obtener_actualizaciones
2025-05-09 18:33:50 - Usuario ID: 9
2025-05-09 18:33:53 - /Controlador/batalla_api.php?action=obtener_actualizaciones&batalla_id=39&ultima_accion=0 - obtener_actualizaciones
2025-05-09 18:33:53 - Usuario ID: 9
2025-05-09 18:33:56 - /Controlador/batalla_api.php?action=obtener_actualizaciones&batalla_id=39&ultima_accion=0 - obtener_actualizaciones
2025-05-09 18:33:56 - Usuario ID: 9
2025-05-09 18:33:59 - /Controlador/batalla_api.php?action=obtener_actualizaciones&batalla_id=39&ultima_accion=0 - obtener_actualizaciones
2025-05-09 18:33:59 - Usuario ID: 9
2025-05-09 18:34:02 - /Controlador/batalla_api.php?action=obtener_actualizaciones&batalla_id=39&ultima_accion=0 - obtener_actualizaciones
2025-05-09 18:34:02 - Usuario ID: 9
2025-05-09 18:34:19 - /Controlador/batalla_api.php?action=obtener_actualizaciones&batalla_id=39&ultima_accion=0 - obtener_actualizaciones
2025-05-09 18:34:19 - Usuario ID: 9
2025-05-09 18:36:24 - /Controlador/batalla_api.php?action=obtener_actualizaciones&batalla_id=38&ultima_accion=0 - obtener_actualizaciones
2025-05-09 18:36:24 - Usuario ID: 13
2025-05-09 18:36:24 - ERROR: No s'ha trobat la batalla
2025-05-09 18:49:14 - /Controlador/batalla_api.php?action=obtener_actualizaciones&batalla_id=38&ultima_accion=0 - obtener_actualizaciones
2025-05-09 18:49:14 - Usuario ID: 13
2025-05-09 18:49:14 - ERROR: No s'ha trobat la batalla
2025-05-09 22:27:04 - /public/Controlador/batalla_api.php?action=desafiaments_pendents - desafiaments_pendents
2025-05-09 22:27:05 - Usuario ID: 7
